<?xml version="1.0" encoding="UTF-8"?>
<coverage generated="1543868839555" clover="3.2.0">
  <project timestamp="1543868839555" name="All files">
    <metrics statements="350" coveredstatements="350" conditionals="6" coveredconditionals="6" methods="148" coveredmethods="148" elements="504" coveredelements="504" complexity="0" loc="350" ncloc="350" packages="2" files="5" classes="5">
      <package name="bedenkog-local-news-ui">
        <metrics statements="271" coveredstatements="271" conditionals="2" coveredconditionals="2" methods="91" coveredmethods="91"/>
        <file name="index.js" path="/home/genaro/Desktop/340CT/bedenkog-local-news-ui/index.js">
          <metrics statements="271" coveredstatements="271" conditionals="2" coveredconditionals="2" methods="91" coveredmethods="91"/>
          <line num="5" count="1" type="stmt"/>
          <line num="8" count="1" type="stmt"/>
          <line num="9" count="1" type="stmt"/>
          <line num="10" count="1" type="stmt"/>
          <line num="11" count="1" type="stmt"/>
          <line num="12" count="1" type="stmt"/>
          <line num="13" count="1" type="stmt"/>
          <line num="14" count="1" type="stmt"/>
          <line num="15" count="1" type="stmt"/>
          <line num="16" count="1" type="stmt"/>
          <line num="19" count="1" type="stmt"/>
          <line num="20" count="1" type="stmt"/>
          <line num="23" count="1" type="stmt"/>
          <line num="26" count="1" type="stmt"/>
          <line num="29" count="1" type="stmt"/>
          <line num="30" count="1" type="stmt"/>
          <line num="31" count="1" type="stmt"/>
          <line num="32" count="1" type="stmt"/>
          <line num="35" count="1" type="stmt"/>
          <line num="36" count="1" type="stmt"/>
          <line num="40" count="1" type="stmt"/>
          <line num="43" count="1" type="stmt"/>
          <line num="46" count="1" type="stmt"/>
          <line num="47" count="1" type="stmt"/>
          <line num="50" count="1" type="stmt"/>
          <line num="57" count="1" type="stmt"/>
          <line num="60" count="1" type="stmt"/>
          <line num="61" count="1" type="stmt"/>
          <line num="64" count="1" type="stmt"/>
          <line num="68" count="1" type="stmt"/>
          <line num="71" count="2" type="stmt"/>
          <line num="73" count="2" type="cond" truecount="2" falsecount="0"/>
          <line num="76" count="1" type="stmt"/>
          <line num="77" count="1" type="stmt"/>
          <line num="80" count="1" type="stmt"/>
          <line num="81" count="1" type="stmt"/>
          <line num="84" count="1" type="stmt"/>
          <line num="89" count="1" type="stmt"/>
          <line num="92" count="1" type="stmt"/>
          <line num="97" count="1" type="stmt"/>
          <line num="100" count="1" type="stmt"/>
          <line num="101" count="1" type="stmt"/>
          <line num="102" count="1" type="stmt"/>
          <line num="105" count="1" type="stmt"/>
          <line num="106" count="1" type="stmt"/>
          <line num="107" count="1" type="stmt"/>
          <line num="110" count="1" type="stmt"/>
          <line num="113" count="1" type="stmt"/>
          <line num="114" count="1" type="stmt"/>
          <line num="115" count="1" type="stmt"/>
          <line num="118" count="1" type="stmt"/>
          <line num="119" count="1" type="stmt"/>
          <line num="120" count="1" type="stmt"/>
          <line num="123" count="1" type="stmt"/>
          <line num="130" count="1" type="stmt"/>
          <line num="132" count="2" type="stmt"/>
          <line num="134" count="2" type="stmt"/>
          <line num="136" count="2" type="stmt"/>
          <line num="139" count="2" type="stmt"/>
          <line num="140" count="2" type="stmt"/>
          <line num="141" count="2" type="stmt"/>
          <line num="144" count="2" type="stmt"/>
          <line num="145" count="2" type="stmt"/>
          <line num="146" count="2" type="stmt"/>
          <line num="148" count="2" type="stmt"/>
          <line num="155" count="1" type="stmt"/>
          <line num="157" count="1" type="stmt"/>
          <line num="159" count="1" type="stmt"/>
          <line num="161" count="1" type="stmt"/>
          <line num="164" count="1" type="stmt"/>
          <line num="165" count="1" type="stmt"/>
          <line num="166" count="1" type="stmt"/>
          <line num="169" count="1" type="stmt"/>
          <line num="170" count="1" type="stmt"/>
          <line num="171" count="1" type="stmt"/>
          <line num="173" count="1" type="stmt"/>
          <line num="180" count="1" type="stmt"/>
          <line num="182" count="1" type="stmt"/>
          <line num="184" count="1" type="stmt"/>
          <line num="186" count="1" type="stmt"/>
          <line num="190" count="1" type="stmt"/>
          <line num="192" count="1" type="stmt"/>
          <line num="194" count="1" type="stmt"/>
          <line num="196" count="1" type="stmt"/>
          <line num="199" count="1" type="stmt"/>
          <line num="200" count="1" type="stmt"/>
          <line num="201" count="1" type="stmt"/>
          <line num="204" count="1" type="stmt"/>
          <line num="205" count="1" type="stmt"/>
          <line num="206" count="1" type="stmt"/>
          <line num="208" count="1" type="stmt"/>
          <line num="215" count="1" type="stmt"/>
          <line num="217" count="1" type="stmt"/>
          <line num="219" count="1" type="stmt"/>
          <line num="221" count="1" type="stmt"/>
          <line num="224" count="1" type="stmt"/>
          <line num="225" count="1" type="stmt"/>
          <line num="226" count="1" type="stmt"/>
          <line num="229" count="1" type="stmt"/>
          <line num="230" count="1" type="stmt"/>
          <line num="231" count="1" type="stmt"/>
          <line num="233" count="1" type="stmt"/>
          <line num="240" count="1" type="stmt"/>
          <line num="242" count="1" type="stmt"/>
          <line num="244" count="1" type="stmt"/>
          <line num="246" count="1" type="stmt"/>
          <line num="250" count="1" type="stmt"/>
          <line num="253" count="1" type="stmt"/>
          <line num="254" count="1" type="stmt"/>
          <line num="255" count="1" type="stmt"/>
          <line num="258" count="1" type="stmt"/>
          <line num="259" count="1" type="stmt"/>
          <line num="260" count="1" type="stmt"/>
          <line num="262" count="1" type="stmt"/>
          <line num="268" count="1" type="stmt"/>
          <line num="271" count="1" type="stmt"/>
          <line num="272" count="1" type="stmt"/>
          <line num="273" count="1" type="stmt"/>
          <line num="276" count="1" type="stmt"/>
          <line num="277" count="1" type="stmt"/>
          <line num="278" count="1" type="stmt"/>
          <line num="280" count="1" type="stmt"/>
          <line num="286" count="1" type="stmt"/>
          <line num="289" count="1" type="stmt"/>
          <line num="290" count="1" type="stmt"/>
          <line num="291" count="1" type="stmt"/>
          <line num="294" count="1" type="stmt"/>
          <line num="295" count="1" type="stmt"/>
          <line num="296" count="1" type="stmt"/>
          <line num="299" count="1" type="stmt"/>
          <line num="300" count="1" type="stmt"/>
          <line num="301" count="1" type="stmt"/>
          <line num="304" count="1" type="stmt"/>
          <line num="305" count="1" type="stmt"/>
          <line num="306" count="1" type="stmt"/>
          <line num="309" count="1" type="stmt"/>
          <line num="317" count="1" type="stmt"/>
          <line num="320" count="1" type="stmt"/>
          <line num="321" count="1" type="stmt"/>
          <line num="322" count="1" type="stmt"/>
          <line num="325" count="1" type="stmt"/>
          <line num="327" count="1" type="stmt"/>
          <line num="329" count="1" type="stmt"/>
          <line num="331" count="1" type="stmt"/>
          <line num="335" count="1" type="stmt"/>
          <line num="338" count="1" type="stmt"/>
          <line num="339" count="1" type="stmt"/>
          <line num="340" count="1" type="stmt"/>
          <line num="343" count="1" type="stmt"/>
          <line num="345" count="1" type="stmt"/>
          <line num="347" count="1" type="stmt"/>
          <line num="349" count="1" type="stmt"/>
          <line num="353" count="1" type="stmt"/>
          <line num="356" count="1" type="stmt"/>
          <line num="357" count="1" type="stmt"/>
          <line num="358" count="1" type="stmt"/>
          <line num="361" count="1" type="stmt"/>
          <line num="363" count="1" type="stmt"/>
          <line num="365" count="1" type="stmt"/>
          <line num="367" count="1" type="stmt"/>
          <line num="371" count="1" type="stmt"/>
          <line num="374" count="1" type="stmt"/>
          <line num="375" count="1" type="stmt"/>
          <line num="376" count="1" type="stmt"/>
          <line num="379" count="1" type="stmt"/>
          <line num="381" count="1" type="stmt"/>
          <line num="383" count="1" type="stmt"/>
          <line num="385" count="1" type="stmt"/>
          <line num="389" count="1" type="stmt"/>
          <line num="392" count="1" type="stmt"/>
          <line num="393" count="1" type="stmt"/>
          <line num="394" count="1" type="stmt"/>
          <line num="397" count="1" type="stmt"/>
          <line num="399" count="1" type="stmt"/>
          <line num="401" count="1" type="stmt"/>
          <line num="403" count="1" type="stmt"/>
          <line num="407" count="1" type="stmt"/>
          <line num="410" count="1" type="stmt"/>
          <line num="411" count="1" type="stmt"/>
          <line num="412" count="1" type="stmt"/>
          <line num="415" count="1" type="stmt"/>
          <line num="417" count="1" type="stmt"/>
          <line num="419" count="1" type="stmt"/>
          <line num="421" count="1" type="stmt"/>
          <line num="425" count="1" type="stmt"/>
          <line num="428" count="1" type="stmt"/>
          <line num="429" count="1" type="stmt"/>
          <line num="430" count="1" type="stmt"/>
          <line num="433" count="1" type="stmt"/>
          <line num="435" count="1" type="stmt"/>
          <line num="437" count="1" type="stmt"/>
          <line num="439" count="1" type="stmt"/>
          <line num="443" count="1" type="stmt"/>
          <line num="446" count="1" type="stmt"/>
          <line num="447" count="1" type="stmt"/>
          <line num="448" count="1" type="stmt"/>
          <line num="451" count="1" type="stmt"/>
          <line num="453" count="1" type="stmt"/>
          <line num="455" count="1" type="stmt"/>
          <line num="457" count="1" type="stmt"/>
          <line num="461" count="1" type="stmt"/>
          <line num="464" count="1" type="stmt"/>
          <line num="465" count="1" type="stmt"/>
          <line num="466" count="1" type="stmt"/>
          <line num="469" count="1" type="stmt"/>
          <line num="471" count="1" type="stmt"/>
          <line num="473" count="1" type="stmt"/>
          <line num="475" count="1" type="stmt"/>
          <line num="479" count="1" type="stmt"/>
          <line num="482" count="1" type="stmt"/>
          <line num="483" count="1" type="stmt"/>
          <line num="484" count="1" type="stmt"/>
          <line num="487" count="1" type="stmt"/>
          <line num="489" count="1" type="stmt"/>
          <line num="491" count="1" type="stmt"/>
          <line num="493" count="1" type="stmt"/>
          <line num="497" count="1" type="stmt"/>
          <line num="500" count="1" type="stmt"/>
          <line num="501" count="1" type="stmt"/>
          <line num="502" count="1" type="stmt"/>
          <line num="505" count="1" type="stmt"/>
          <line num="507" count="1" type="stmt"/>
          <line num="509" count="1" type="stmt"/>
          <line num="511" count="1" type="stmt"/>
          <line num="515" count="1" type="stmt"/>
          <line num="518" count="1" type="stmt"/>
          <line num="519" count="1" type="stmt"/>
          <line num="520" count="1" type="stmt"/>
          <line num="523" count="1" type="stmt"/>
          <line num="525" count="1" type="stmt"/>
          <line num="527" count="1" type="stmt"/>
          <line num="529" count="1" type="stmt"/>
          <line num="532" count="1" type="stmt"/>
          <line num="534" count="1" type="stmt"/>
          <line num="535" count="1" type="stmt"/>
          <line num="536" count="1" type="stmt"/>
          <line num="539" count="1" type="stmt"/>
          <line num="541" count="1" type="stmt"/>
          <line num="543" count="1" type="stmt"/>
          <line num="545" count="1" type="stmt"/>
          <line num="548" count="1" type="stmt"/>
          <line num="550" count="1" type="stmt"/>
          <line num="551" count="1" type="stmt"/>
          <line num="552" count="1" type="stmt"/>
          <line num="555" count="1" type="stmt"/>
          <line num="557" count="1" type="stmt"/>
          <line num="559" count="1" type="stmt"/>
          <line num="561" count="1" type="stmt"/>
          <line num="565" count="1" type="stmt"/>
          <line num="567" count="1" type="stmt"/>
          <line num="568" count="1" type="stmt"/>
          <line num="569" count="1" type="stmt"/>
          <line num="572" count="1" type="stmt"/>
          <line num="573" count="1" type="stmt"/>
          <line num="574" count="1" type="stmt"/>
          <line num="577" count="1" type="stmt"/>
          <line num="578" count="1" type="stmt"/>
          <line num="579" count="1" type="stmt"/>
          <line num="581" count="1" type="stmt"/>
          <line num="587" count="1" type="stmt"/>
          <line num="589" count="1" type="stmt"/>
          <line num="591" count="1" type="stmt"/>
          <line num="593" count="1" type="stmt"/>
          <line num="595" count="1" type="stmt"/>
          <line num="599" count="1" type="stmt"/>
          <line num="601" count="1" type="stmt"/>
          <line num="603" count="1" type="stmt"/>
          <line num="605" count="1" type="stmt"/>
          <line num="607" count="1" type="stmt"/>
          <line num="611" count="1" type="stmt"/>
          <line num="613" count="1" type="stmt"/>
        </file>
      </package>
      <package name="bedenkog-local-news-ui.modules">
        <metrics statements="79" coveredstatements="79" conditionals="4" coveredconditionals="4" methods="57" coveredmethods="57"/>
        <file name="articles-mediator.js" path="/home/genaro/Desktop/340CT/bedenkog-local-news-ui/modules/articles-mediator.js">
          <metrics statements="23" coveredstatements="23" conditionals="2" coveredconditionals="2" methods="15" coveredmethods="15"/>
          <line num="3" count="2" type="stmt"/>
          <line num="5" count="2" type="stmt"/>
          <line num="7" count="2" type="stmt"/>
          <line num="10" count="1" type="stmt"/>
          <line num="11" count="1" type="stmt"/>
          <line num="12" count="1" type="stmt"/>
          <line num="13" count="1" type="stmt"/>
          <line num="16" count="1" type="stmt"/>
          <line num="18" count="1" type="stmt"/>
          <line num="22" count="2" type="stmt"/>
          <line num="25" count="2" type="cond" truecount="2" falsecount="0"/>
          <line num="27" count="2" type="stmt"/>
          <line num="29" count="2" type="stmt"/>
          <line num="33" count="2" type="stmt"/>
          <line num="35" count="1" type="stmt"/>
          <line num="37" count="1" type="stmt"/>
          <line num="41" count="2" type="stmt"/>
          <line num="44" count="1" type="stmt"/>
          <line num="46" count="1" type="stmt"/>
          <line num="48" count="1" type="stmt"/>
          <line num="52" count="2" type="stmt"/>
          <line num="54" count="1" type="stmt"/>
          <line num="56" count="1" type="stmt"/>
        </file>
        <file name="comments-mediator.js" path="/home/genaro/Desktop/340CT/bedenkog-local-news-ui/modules/comments-mediator.js">
          <metrics statements="18" coveredstatements="18" conditionals="0" coveredconditionals="0" methods="15" coveredmethods="15"/>
          <line num="3" count="2" type="stmt"/>
          <line num="5" count="2" type="stmt"/>
          <line num="7" count="2" type="stmt"/>
          <line num="10" count="1" type="stmt"/>
          <line num="12" count="1" type="stmt"/>
          <line num="16" count="2" type="stmt"/>
          <line num="18" count="1" type="stmt"/>
          <line num="20" count="1" type="stmt"/>
          <line num="24" count="2" type="stmt"/>
          <line num="26" count="1" type="stmt"/>
          <line num="28" count="1" type="stmt"/>
          <line num="32" count="2" type="stmt"/>
          <line num="35" count="1" type="stmt"/>
          <line num="37" count="1" type="stmt"/>
          <line num="39" count="1" type="stmt"/>
          <line num="43" count="2" type="stmt"/>
          <line num="45" count="1" type="stmt"/>
          <line num="47" count="1" type="stmt"/>
        </file>
        <file name="events-mediator.js" path="/home/genaro/Desktop/340CT/bedenkog-local-news-ui/modules/events-mediator.js">
          <metrics statements="23" coveredstatements="23" conditionals="2" coveredconditionals="2" methods="15" coveredmethods="15"/>
          <line num="3" count="2" type="stmt"/>
          <line num="5" count="2" type="stmt"/>
          <line num="7" count="2" type="stmt"/>
          <line num="10" count="1" type="stmt"/>
          <line num="11" count="1" type="stmt"/>
          <line num="12" count="1" type="stmt"/>
          <line num="13" count="1" type="stmt"/>
          <line num="16" count="1" type="stmt"/>
          <line num="18" count="1" type="stmt"/>
          <line num="22" count="2" type="stmt"/>
          <line num="25" count="2" type="cond" truecount="2" falsecount="0"/>
          <line num="27" count="2" type="stmt"/>
          <line num="29" count="2" type="stmt"/>
          <line num="33" count="2" type="stmt"/>
          <line num="35" count="1" type="stmt"/>
          <line num="37" count="1" type="stmt"/>
          <line num="41" count="2" type="stmt"/>
          <line num="44" count="1" type="stmt"/>
          <line num="46" count="1" type="stmt"/>
          <line num="48" count="1" type="stmt"/>
          <line num="52" count="2" type="stmt"/>
          <line num="54" count="1" type="stmt"/>
          <line num="56" count="1" type="stmt"/>
        </file>
        <file name="users-mediator.js" path="/home/genaro/Desktop/340CT/bedenkog-local-news-ui/modules/users-mediator.js">
          <metrics statements="15" coveredstatements="15" conditionals="0" coveredconditionals="0" methods="12" coveredmethods="12"/>
          <line num="4" count="2" type="stmt"/>
          <line num="6" count="2" type="stmt"/>
          <line num="8" count="2" type="stmt"/>
          <line num="10" count="1" type="stmt"/>
          <line num="12" count="1" type="stmt"/>
          <line num="51" count="2" type="stmt"/>
          <line num="53" count="1" type="stmt"/>
          <line num="55" count="1" type="stmt"/>
          <line num="59" count="2" type="stmt"/>
          <line num="62" count="1" type="stmt"/>
          <line num="64" count="1" type="stmt"/>
          <line num="66" count="1" type="stmt"/>
          <line num="70" count="2" type="stmt"/>
          <line num="72" count="1" type="stmt"/>
          <line num="74" count="1" type="stmt"/>
        </file>
      </package>
    </metrics>
  </project>
</coverage>
