{"/home/genaro/Desktop/340CT/bedenkog-local-news-ui/index.js": {"path":"/home/genaro/Desktop/340CT/bedenkog-local-news-ui/index.js","statementMap":{"0":{"start":{"line":5,"column":0},"end":{"line":5,"column":38}},"1":{"start":{"line":8,"column":16},"end":{"line":8,"column":34}},"2":{"start":{"line":9,"column":12},"end":{"line":9,"column":21}},"3":{"start":{"line":10,"column":19},"end":{"line":10,"column":80}},"4":{"start":{"line":11,"column":19},"end":{"line":11,"column":41}},"5":{"start":{"line":12,"column":0},"end":{"line":12,"column":46}},"6":{"start":{"line":13,"column":0},"end":{"line":13,"column":26}},"7":{"start":{"line":14,"column":0},"end":{"line":14,"column":50}},"8":{"start":{"line":15,"column":0},"end":{"line":15,"column":43}},"9":{"start":{"line":16,"column":0},"end":{"line":16,"column":36}},"10":{"start":{"line":19,"column":21},"end":{"line":19,"column":45}},"11":{"start":{"line":20,"column":0},"end":{"line":20,"column":23}},"12":{"start":{"line":23,"column":15},"end":{"line":23,"column":32}},"13":{"start":{"line":26,"column":13},"end":{"line":26,"column":17}},"14":{"start":{"line":29,"column":25},"end":{"line":29,"column":63}},"15":{"start":{"line":30,"column":25},"end":{"line":30,"column":63}},"16":{"start":{"line":31,"column":23},"end":{"line":31,"column":59}},"17":{"start":{"line":32,"column":22},"end":{"line":32,"column":57}},"18":{"start":{"line":35,"column":0},"end":{"line":37,"column":2}},"19":{"start":{"line":36,"column":1},"end":{"line":36,"column":39}},"20":{"start":{"line":40,"column":0},"end":{"line":65,"column":2}},"21":{"start":{"line":43,"column":14},"end":{"line":43,"column":16}},"22":{"start":{"line":46,"column":22},"end":{"line":46,"column":64}},"23":{"start":{"line":47,"column":1},"end":{"line":47,"column":25}},"24":{"start":{"line":50,"column":17},"end":{"line":54,"column":2}},"25":{"start":{"line":57,"column":17},"end":{"line":57,"column":74}},"26":{"start":{"line":57,"column":69},"end":{"line":57,"column":73}},"27":{"start":{"line":60,"column":1},"end":{"line":60,"column":41}},"28":{"start":{"line":61,"column":1},"end":{"line":61,"column":29}},"29":{"start":{"line":64,"column":1},"end":{"line":64,"column":27}},"30":{"start":{"line":68,"column":0},"end":{"line":94,"column":2}},"31":{"start":{"line":71,"column":26},"end":{"line":71,"column":72}},"32":{"start":{"line":73,"column":1},"end":{"line":93,"column":2}},"33":{"start":{"line":76,"column":23},"end":{"line":76,"column":85}},"34":{"start":{"line":77,"column":27},"end":{"line":77,"column":51}},"35":{"start":{"line":80,"column":2},"end":{"line":80,"column":51}},"36":{"start":{"line":81,"column":2},"end":{"line":81,"column":47}},"37":{"start":{"line":84,"column":2},"end":{"line":84,"column":28}},"38":{"start":{"line":89,"column":33},"end":{"line":89,"column":36}},"39":{"start":{"line":92,"column":2},"end":{"line":92,"column":67}},"40":{"start":{"line":97,"column":0},"end":{"line":127,"column":2}},"41":{"start":{"line":100,"column":21},"end":{"line":100,"column":89}},"42":{"start":{"line":100,"column":84},"end":{"line":100,"column":88}},"43":{"start":{"line":101,"column":18},"end":{"line":101,"column":35}},"44":{"start":{"line":102,"column":22},"end":{"line":102,"column":42}},"45":{"start":{"line":105,"column":19},"end":{"line":105,"column":83}},"46":{"start":{"line":105,"column":78},"end":{"line":105,"column":82}},"47":{"start":{"line":106,"column":16},"end":{"line":106,"column":31}},"48":{"start":{"line":107,"column":20},"end":{"line":107,"column":38}},"49":{"start":{"line":110,"column":19},"end":{"line":110,"column":50}},"50":{"start":{"line":113,"column":27},"end":{"line":113,"column":109}},"51":{"start":{"line":113,"column":104},"end":{"line":113,"column":108}},"52":{"start":{"line":114,"column":24},"end":{"line":114,"column":47}},"53":{"start":{"line":115,"column":28},"end":{"line":115,"column":54}},"54":{"start":{"line":118,"column":25},"end":{"line":118,"column":103}},"55":{"start":{"line":118,"column":98},"end":{"line":118,"column":102}},"56":{"start":{"line":119,"column":22},"end":{"line":119,"column":43}},"57":{"start":{"line":120,"column":26},"end":{"line":120,"column":50}},"58":{"start":{"line":123,"column":1},"end":{"line":126,"column":41}},"59":{"start":{"line":130,"column":0},"end":{"line":152,"column":2}},"60":{"start":{"line":132,"column":21},"end":{"line":132,"column":105}},"61":{"start":{"line":132,"column":100},"end":{"line":132,"column":104}},"62":{"start":{"line":134,"column":18},"end":{"line":134,"column":35}},"63":{"start":{"line":136,"column":22},"end":{"line":136,"column":42}},"64":{"start":{"line":139,"column":27},"end":{"line":139,"column":109}},"65":{"start":{"line":139,"column":104},"end":{"line":139,"column":108}},"66":{"start":{"line":140,"column":24},"end":{"line":140,"column":47}},"67":{"start":{"line":141,"column":28},"end":{"line":141,"column":54}},"68":{"start":{"line":144,"column":25},"end":{"line":144,"column":103}},"69":{"start":{"line":144,"column":98},"end":{"line":144,"column":102}},"70":{"start":{"line":145,"column":22},"end":{"line":145,"column":43}},"71":{"start":{"line":146,"column":26},"end":{"line":146,"column":50}},"72":{"start":{"line":148,"column":1},"end":{"line":151,"column":35}},"73":{"start":{"line":155,"column":0},"end":{"line":177,"column":2}},"74":{"start":{"line":157,"column":24},"end":{"line":157,"column":99}},"75":{"start":{"line":157,"column":94},"end":{"line":157,"column":98}},"76":{"start":{"line":159,"column":17},"end":{"line":159,"column":37}},"77":{"start":{"line":161,"column":21},"end":{"line":161,"column":40}},"78":{"start":{"line":164,"column":27},"end":{"line":164,"column":109}},"79":{"start":{"line":164,"column":104},"end":{"line":164,"column":108}},"80":{"start":{"line":165,"column":24},"end":{"line":165,"column":47}},"81":{"start":{"line":166,"column":28},"end":{"line":166,"column":54}},"82":{"start":{"line":169,"column":25},"end":{"line":169,"column":103}},"83":{"start":{"line":169,"column":98},"end":{"line":169,"column":102}},"84":{"start":{"line":170,"column":22},"end":{"line":170,"column":43}},"85":{"start":{"line":171,"column":26},"end":{"line":171,"column":50}},"86":{"start":{"line":173,"column":1},"end":{"line":176,"column":35}},"87":{"start":{"line":180,"column":0},"end":{"line":187,"column":2}},"88":{"start":{"line":182,"column":20},"end":{"line":182,"column":78}},"89":{"start":{"line":182,"column":73},"end":{"line":182,"column":77}},"90":{"start":{"line":184,"column":28},"end":{"line":184,"column":44}},"91":{"start":{"line":186,"column":1},"end":{"line":186,"column":26}},"92":{"start":{"line":190,"column":0},"end":{"line":212,"column":2}},"93":{"start":{"line":192,"column":19},"end":{"line":192,"column":99}},"94":{"start":{"line":192,"column":94},"end":{"line":192,"column":98}},"95":{"start":{"line":194,"column":16},"end":{"line":194,"column":31}},"96":{"start":{"line":196,"column":20},"end":{"line":196,"column":38}},"97":{"start":{"line":199,"column":27},"end":{"line":199,"column":109}},"98":{"start":{"line":199,"column":104},"end":{"line":199,"column":108}},"99":{"start":{"line":200,"column":24},"end":{"line":200,"column":47}},"100":{"start":{"line":201,"column":28},"end":{"line":201,"column":54}},"101":{"start":{"line":204,"column":25},"end":{"line":204,"column":103}},"102":{"start":{"line":204,"column":98},"end":{"line":204,"column":102}},"103":{"start":{"line":205,"column":22},"end":{"line":205,"column":43}},"104":{"start":{"line":206,"column":26},"end":{"line":206,"column":50}},"105":{"start":{"line":208,"column":1},"end":{"line":211,"column":41}},"106":{"start":{"line":215,"column":0},"end":{"line":237,"column":2}},"107":{"start":{"line":217,"column":22},"end":{"line":217,"column":91}},"108":{"start":{"line":217,"column":86},"end":{"line":217,"column":90}},"109":{"start":{"line":219,"column":15},"end":{"line":219,"column":33}},"110":{"start":{"line":221,"column":19},"end":{"line":221,"column":36}},"111":{"start":{"line":224,"column":27},"end":{"line":224,"column":109}},"112":{"start":{"line":224,"column":104},"end":{"line":224,"column":108}},"113":{"start":{"line":225,"column":24},"end":{"line":225,"column":47}},"114":{"start":{"line":226,"column":28},"end":{"line":226,"column":54}},"115":{"start":{"line":229,"column":25},"end":{"line":229,"column":103}},"116":{"start":{"line":229,"column":98},"end":{"line":229,"column":102}},"117":{"start":{"line":230,"column":22},"end":{"line":230,"column":43}},"118":{"start":{"line":231,"column":26},"end":{"line":231,"column":50}},"119":{"start":{"line":233,"column":1},"end":{"line":236,"column":41}},"120":{"start":{"line":240,"column":0},"end":{"line":247,"column":2}},"121":{"start":{"line":242,"column":18},"end":{"line":242,"column":72}},"122":{"start":{"line":242,"column":67},"end":{"line":242,"column":71}},"123":{"start":{"line":244,"column":26},"end":{"line":244,"column":40}},"124":{"start":{"line":246,"column":1},"end":{"line":246,"column":24}},"125":{"start":{"line":250,"column":0},"end":{"line":265,"column":2}},"126":{"start":{"line":253,"column":27},"end":{"line":253,"column":109}},"127":{"start":{"line":253,"column":104},"end":{"line":253,"column":108}},"128":{"start":{"line":254,"column":24},"end":{"line":254,"column":47}},"129":{"start":{"line":255,"column":28},"end":{"line":255,"column":54}},"130":{"start":{"line":258,"column":25},"end":{"line":258,"column":103}},"131":{"start":{"line":258,"column":98},"end":{"line":258,"column":102}},"132":{"start":{"line":259,"column":22},"end":{"line":259,"column":43}},"133":{"start":{"line":260,"column":26},"end":{"line":260,"column":50}},"134":{"start":{"line":262,"column":1},"end":{"line":264,"column":43}},"135":{"start":{"line":268,"column":0},"end":{"line":283,"column":2}},"136":{"start":{"line":271,"column":27},"end":{"line":271,"column":109}},"137":{"start":{"line":271,"column":104},"end":{"line":271,"column":108}},"138":{"start":{"line":272,"column":24},"end":{"line":272,"column":47}},"139":{"start":{"line":273,"column":28},"end":{"line":273,"column":54}},"140":{"start":{"line":276,"column":25},"end":{"line":276,"column":103}},"141":{"start":{"line":276,"column":98},"end":{"line":276,"column":102}},"142":{"start":{"line":277,"column":22},"end":{"line":277,"column":43}},"143":{"start":{"line":278,"column":26},"end":{"line":278,"column":50}},"144":{"start":{"line":280,"column":1},"end":{"line":282,"column":43}},"145":{"start":{"line":286,"column":0},"end":{"line":314,"column":2}},"146":{"start":{"line":289,"column":21},"end":{"line":289,"column":75}},"147":{"start":{"line":289,"column":70},"end":{"line":289,"column":74}},"148":{"start":{"line":290,"column":18},"end":{"line":290,"column":35}},"149":{"start":{"line":291,"column":22},"end":{"line":291,"column":42}},"150":{"start":{"line":294,"column":19},"end":{"line":294,"column":69}},"151":{"start":{"line":294,"column":64},"end":{"line":294,"column":68}},"152":{"start":{"line":295,"column":16},"end":{"line":295,"column":31}},"153":{"start":{"line":296,"column":20},"end":{"line":296,"column":38}},"154":{"start":{"line":299,"column":27},"end":{"line":299,"column":109}},"155":{"start":{"line":299,"column":104},"end":{"line":299,"column":108}},"156":{"start":{"line":300,"column":24},"end":{"line":300,"column":47}},"157":{"start":{"line":301,"column":28},"end":{"line":301,"column":54}},"158":{"start":{"line":304,"column":25},"end":{"line":304,"column":103}},"159":{"start":{"line":304,"column":98},"end":{"line":304,"column":102}},"160":{"start":{"line":305,"column":22},"end":{"line":305,"column":43}},"161":{"start":{"line":306,"column":26},"end":{"line":306,"column":50}},"162":{"start":{"line":309,"column":1},"end":{"line":313,"column":44}},"163":{"start":{"line":317,"column":0},"end":{"line":332,"column":2}},"164":{"start":{"line":320,"column":24},"end":{"line":320,"column":99}},"165":{"start":{"line":320,"column":94},"end":{"line":320,"column":98}},"166":{"start":{"line":321,"column":17},"end":{"line":321,"column":37}},"167":{"start":{"line":322,"column":21},"end":{"line":322,"column":40}},"168":{"start":{"line":325,"column":1},"end":{"line":325,"column":26}},"169":{"start":{"line":327,"column":23},"end":{"line":327,"column":110}},"170":{"start":{"line":327,"column":105},"end":{"line":327,"column":109}},"171":{"start":{"line":329,"column":31},"end":{"line":329,"column":50}},"172":{"start":{"line":331,"column":1},"end":{"line":331,"column":33}},"173":{"start":{"line":335,"column":0},"end":{"line":350,"column":2}},"174":{"start":{"line":338,"column":24},"end":{"line":338,"column":99}},"175":{"start":{"line":338,"column":94},"end":{"line":338,"column":98}},"176":{"start":{"line":339,"column":17},"end":{"line":339,"column":37}},"177":{"start":{"line":340,"column":21},"end":{"line":340,"column":40}},"178":{"start":{"line":343,"column":1},"end":{"line":343,"column":27}},"179":{"start":{"line":345,"column":23},"end":{"line":345,"column":110}},"180":{"start":{"line":345,"column":105},"end":{"line":345,"column":109}},"181":{"start":{"line":347,"column":31},"end":{"line":347,"column":50}},"182":{"start":{"line":349,"column":1},"end":{"line":349,"column":33}},"183":{"start":{"line":353,"column":0},"end":{"line":368,"column":2}},"184":{"start":{"line":356,"column":22},"end":{"line":356,"column":91}},"185":{"start":{"line":356,"column":86},"end":{"line":356,"column":90}},"186":{"start":{"line":357,"column":15},"end":{"line":357,"column":33}},"187":{"start":{"line":358,"column":19},"end":{"line":358,"column":36}},"188":{"start":{"line":361,"column":1},"end":{"line":361,"column":24}},"189":{"start":{"line":363,"column":21},"end":{"line":363,"column":100}},"190":{"start":{"line":363,"column":95},"end":{"line":363,"column":99}},"191":{"start":{"line":365,"column":29},"end":{"line":365,"column":46}},"192":{"start":{"line":367,"column":1},"end":{"line":367,"column":33}},"193":{"start":{"line":371,"column":0},"end":{"line":386,"column":2}},"194":{"start":{"line":374,"column":22},"end":{"line":374,"column":91}},"195":{"start":{"line":374,"column":86},"end":{"line":374,"column":90}},"196":{"start":{"line":375,"column":15},"end":{"line":375,"column":33}},"197":{"start":{"line":376,"column":19},"end":{"line":376,"column":36}},"198":{"start":{"line":379,"column":1},"end":{"line":379,"column":25}},"199":{"start":{"line":381,"column":21},"end":{"line":381,"column":100}},"200":{"start":{"line":381,"column":95},"end":{"line":381,"column":99}},"201":{"start":{"line":383,"column":29},"end":{"line":383,"column":46}},"202":{"start":{"line":385,"column":1},"end":{"line":385,"column":33}},"203":{"start":{"line":389,"column":0},"end":{"line":404,"column":2}},"204":{"start":{"line":392,"column":24},"end":{"line":392,"column":99}},"205":{"start":{"line":392,"column":94},"end":{"line":392,"column":98}},"206":{"start":{"line":393,"column":17},"end":{"line":393,"column":37}},"207":{"start":{"line":394,"column":21},"end":{"line":394,"column":40}},"208":{"start":{"line":397,"column":1},"end":{"line":397,"column":26}},"209":{"start":{"line":399,"column":23},"end":{"line":399,"column":110}},"210":{"start":{"line":399,"column":105},"end":{"line":399,"column":109}},"211":{"start":{"line":401,"column":31},"end":{"line":401,"column":50}},"212":{"start":{"line":403,"column":1},"end":{"line":403,"column":33}},"213":{"start":{"line":407,"column":0},"end":{"line":422,"column":2}},"214":{"start":{"line":410,"column":24},"end":{"line":410,"column":99}},"215":{"start":{"line":410,"column":94},"end":{"line":410,"column":98}},"216":{"start":{"line":411,"column":17},"end":{"line":411,"column":37}},"217":{"start":{"line":412,"column":21},"end":{"line":412,"column":40}},"218":{"start":{"line":415,"column":1},"end":{"line":415,"column":27}},"219":{"start":{"line":417,"column":23},"end":{"line":417,"column":110}},"220":{"start":{"line":417,"column":105},"end":{"line":417,"column":109}},"221":{"start":{"line":419,"column":31},"end":{"line":419,"column":50}},"222":{"start":{"line":421,"column":1},"end":{"line":421,"column":33}},"223":{"start":{"line":425,"column":0},"end":{"line":440,"column":2}},"224":{"start":{"line":428,"column":22},"end":{"line":428,"column":91}},"225":{"start":{"line":428,"column":86},"end":{"line":428,"column":90}},"226":{"start":{"line":429,"column":15},"end":{"line":429,"column":33}},"227":{"start":{"line":430,"column":19},"end":{"line":430,"column":36}},"228":{"start":{"line":433,"column":1},"end":{"line":433,"column":24}},"229":{"start":{"line":435,"column":21},"end":{"line":435,"column":100}},"230":{"start":{"line":435,"column":95},"end":{"line":435,"column":99}},"231":{"start":{"line":437,"column":29},"end":{"line":437,"column":46}},"232":{"start":{"line":439,"column":1},"end":{"line":439,"column":33}},"233":{"start":{"line":443,"column":0},"end":{"line":458,"column":2}},"234":{"start":{"line":446,"column":22},"end":{"line":446,"column":91}},"235":{"start":{"line":446,"column":86},"end":{"line":446,"column":90}},"236":{"start":{"line":447,"column":15},"end":{"line":447,"column":33}},"237":{"start":{"line":448,"column":19},"end":{"line":448,"column":36}},"238":{"start":{"line":451,"column":1},"end":{"line":451,"column":25}},"239":{"start":{"line":453,"column":21},"end":{"line":453,"column":100}},"240":{"start":{"line":453,"column":95},"end":{"line":453,"column":99}},"241":{"start":{"line":455,"column":29},"end":{"line":455,"column":46}},"242":{"start":{"line":457,"column":1},"end":{"line":457,"column":33}},"243":{"start":{"line":461,"column":0},"end":{"line":476,"column":2}},"244":{"start":{"line":464,"column":24},"end":{"line":464,"column":99}},"245":{"start":{"line":464,"column":94},"end":{"line":464,"column":98}},"246":{"start":{"line":465,"column":17},"end":{"line":465,"column":37}},"247":{"start":{"line":466,"column":21},"end":{"line":466,"column":40}},"248":{"start":{"line":469,"column":1},"end":{"line":469,"column":20}},"249":{"start":{"line":471,"column":23},"end":{"line":471,"column":110}},"250":{"start":{"line":471,"column":105},"end":{"line":471,"column":109}},"251":{"start":{"line":473,"column":31},"end":{"line":473,"column":50}},"252":{"start":{"line":475,"column":1},"end":{"line":475,"column":51}},"253":{"start":{"line":479,"column":0},"end":{"line":494,"column":2}},"254":{"start":{"line":482,"column":24},"end":{"line":482,"column":99}},"255":{"start":{"line":482,"column":94},"end":{"line":482,"column":98}},"256":{"start":{"line":483,"column":17},"end":{"line":483,"column":37}},"257":{"start":{"line":484,"column":21},"end":{"line":484,"column":40}},"258":{"start":{"line":487,"column":1},"end":{"line":487,"column":23}},"259":{"start":{"line":489,"column":23},"end":{"line":489,"column":110}},"260":{"start":{"line":489,"column":105},"end":{"line":489,"column":109}},"261":{"start":{"line":491,"column":31},"end":{"line":491,"column":50}},"262":{"start":{"line":493,"column":1},"end":{"line":493,"column":51}},"263":{"start":{"line":497,"column":0},"end":{"line":512,"column":2}},"264":{"start":{"line":500,"column":22},"end":{"line":500,"column":91}},"265":{"start":{"line":500,"column":86},"end":{"line":500,"column":90}},"266":{"start":{"line":501,"column":15},"end":{"line":501,"column":33}},"267":{"start":{"line":502,"column":19},"end":{"line":502,"column":36}},"268":{"start":{"line":505,"column":1},"end":{"line":505,"column":18}},"269":{"start":{"line":507,"column":21},"end":{"line":507,"column":100}},"270":{"start":{"line":507,"column":95},"end":{"line":507,"column":99}},"271":{"start":{"line":509,"column":29},"end":{"line":509,"column":46}},"272":{"start":{"line":511,"column":1},"end":{"line":511,"column":47}},"273":{"start":{"line":515,"column":0},"end":{"line":530,"column":2}},"274":{"start":{"line":518,"column":22},"end":{"line":518,"column":91}},"275":{"start":{"line":518,"column":86},"end":{"line":518,"column":90}},"276":{"start":{"line":519,"column":15},"end":{"line":519,"column":33}},"277":{"start":{"line":520,"column":19},"end":{"line":520,"column":36}},"278":{"start":{"line":523,"column":1},"end":{"line":523,"column":21}},"279":{"start":{"line":525,"column":21},"end":{"line":525,"column":100}},"280":{"start":{"line":525,"column":95},"end":{"line":525,"column":99}},"281":{"start":{"line":527,"column":29},"end":{"line":527,"column":46}},"282":{"start":{"line":529,"column":1},"end":{"line":529,"column":47}},"283":{"start":{"line":532,"column":0},"end":{"line":546,"column":2}},"284":{"start":{"line":534,"column":21},"end":{"line":534,"column":87}},"285":{"start":{"line":534,"column":82},"end":{"line":534,"column":86}},"286":{"start":{"line":535,"column":14},"end":{"line":535,"column":31}},"287":{"start":{"line":536,"column":18},"end":{"line":536,"column":34}},"288":{"start":{"line":539,"column":1},"end":{"line":539,"column":17}},"289":{"start":{"line":541,"column":20},"end":{"line":541,"column":95}},"290":{"start":{"line":541,"column":90},"end":{"line":541,"column":94}},"291":{"start":{"line":543,"column":28},"end":{"line":543,"column":44}},"292":{"start":{"line":545,"column":1},"end":{"line":545,"column":44}},"293":{"start":{"line":548,"column":0},"end":{"line":562,"column":2}},"294":{"start":{"line":550,"column":21},"end":{"line":550,"column":87}},"295":{"start":{"line":550,"column":82},"end":{"line":550,"column":86}},"296":{"start":{"line":551,"column":14},"end":{"line":551,"column":31}},"297":{"start":{"line":552,"column":18},"end":{"line":552,"column":34}},"298":{"start":{"line":555,"column":1},"end":{"line":555,"column":20}},"299":{"start":{"line":557,"column":20},"end":{"line":557,"column":95}},"300":{"start":{"line":557,"column":90},"end":{"line":557,"column":94}},"301":{"start":{"line":559,"column":28},"end":{"line":559,"column":44}},"302":{"start":{"line":561,"column":1},"end":{"line":561,"column":44}},"303":{"start":{"line":565,"column":0},"end":{"line":584,"column":2}},"304":{"start":{"line":567,"column":17},"end":{"line":567,"column":96}},"305":{"start":{"line":567,"column":91},"end":{"line":567,"column":95}},"306":{"start":{"line":568,"column":14},"end":{"line":568,"column":27}},"307":{"start":{"line":569,"column":18},"end":{"line":569,"column":34}},"308":{"start":{"line":572,"column":27},"end":{"line":572,"column":109}},"309":{"start":{"line":572,"column":104},"end":{"line":572,"column":108}},"310":{"start":{"line":573,"column":24},"end":{"line":573,"column":47}},"311":{"start":{"line":574,"column":28},"end":{"line":574,"column":54}},"312":{"start":{"line":577,"column":25},"end":{"line":577,"column":103}},"313":{"start":{"line":577,"column":98},"end":{"line":577,"column":102}},"314":{"start":{"line":578,"column":22},"end":{"line":578,"column":43}},"315":{"start":{"line":579,"column":26},"end":{"line":579,"column":50}},"316":{"start":{"line":581,"column":1},"end":{"line":583,"column":35}},"317":{"start":{"line":587,"column":0},"end":{"line":596,"column":2}},"318":{"start":{"line":589,"column":23},"end":{"line":589,"column":102}},"319":{"start":{"line":591,"column":20},"end":{"line":591,"column":83}},"320":{"start":{"line":591,"column":78},"end":{"line":591,"column":82}},"321":{"start":{"line":593,"column":28},"end":{"line":593,"column":44}},"322":{"start":{"line":595,"column":1},"end":{"line":595,"column":51}},"323":{"start":{"line":599,"column":0},"end":{"line":608,"column":2}},"324":{"start":{"line":601,"column":23},"end":{"line":601,"column":98}},"325":{"start":{"line":603,"column":20},"end":{"line":603,"column":83}},"326":{"start":{"line":603,"column":78},"end":{"line":603,"column":82}},"327":{"start":{"line":605,"column":28},"end":{"line":605,"column":44}},"328":{"start":{"line":607,"column":1},"end":{"line":607,"column":47}},"329":{"start":{"line":611,"column":0},"end":{"line":611,"column":71}},"330":{"start":{"line":611,"column":23},"end":{"line":611,"column":70}},"331":{"start":{"line":613,"column":0},"end":{"line":613,"column":20}}},"fnMap":{"0":{"name":"(anonymous_0)","decl":{"start":{"line":35,"column":13},"end":{"line":35,"column":14}},"loc":{"start":{"line":35,"column":32},"end":{"line":37,"column":1}},"line":35},"1":{"name":"(anonymous_1)","decl":{"start":{"line":40,"column":22},"end":{"line":40,"column":23}},"loc":{"start":{"line":40,"column":41},"end":{"line":65,"column":1}},"line":40},"2":{"name":"(anonymous_2)","decl":{"start":{"line":57,"column":59},"end":{"line":57,"column":60}},"loc":{"start":{"line":57,"column":69},"end":{"line":57,"column":73}},"line":57},"3":{"name":"(anonymous_3)","decl":{"start":{"line":68,"column":19},"end":{"line":68,"column":20}},"loc":{"start":{"line":68,"column":38},"end":{"line":94,"column":1}},"line":68},"4":{"name":"(anonymous_4)","decl":{"start":{"line":97,"column":22},"end":{"line":97,"column":23}},"loc":{"start":{"line":97,"column":41},"end":{"line":127,"column":1}},"line":97},"5":{"name":"(anonymous_5)","decl":{"start":{"line":100,"column":74},"end":{"line":100,"column":75}},"loc":{"start":{"line":100,"column":84},"end":{"line":100,"column":88}},"line":100},"6":{"name":"(anonymous_6)","decl":{"start":{"line":105,"column":68},"end":{"line":105,"column":69}},"loc":{"start":{"line":105,"column":78},"end":{"line":105,"column":82}},"line":105},"7":{"name":"(anonymous_7)","decl":{"start":{"line":113,"column":94},"end":{"line":113,"column":95}},"loc":{"start":{"line":113,"column":104},"end":{"line":113,"column":108}},"line":113},"8":{"name":"(anonymous_8)","decl":{"start":{"line":118,"column":88},"end":{"line":118,"column":89}},"loc":{"start":{"line":118,"column":98},"end":{"line":118,"column":102}},"line":118},"9":{"name":"(anonymous_9)","decl":{"start":{"line":130,"column":21},"end":{"line":130,"column":22}},"loc":{"start":{"line":130,"column":40},"end":{"line":152,"column":1}},"line":130},"10":{"name":"(anonymous_10)","decl":{"start":{"line":132,"column":90},"end":{"line":132,"column":91}},"loc":{"start":{"line":132,"column":100},"end":{"line":132,"column":104}},"line":132},"11":{"name":"(anonymous_11)","decl":{"start":{"line":139,"column":94},"end":{"line":139,"column":95}},"loc":{"start":{"line":139,"column":104},"end":{"line":139,"column":108}},"line":139},"12":{"name":"(anonymous_12)","decl":{"start":{"line":144,"column":88},"end":{"line":144,"column":89}},"loc":{"start":{"line":144,"column":98},"end":{"line":144,"column":102}},"line":144},"13":{"name":"(anonymous_13)","decl":{"start":{"line":155,"column":33},"end":{"line":155,"column":34}},"loc":{"start":{"line":155,"column":52},"end":{"line":177,"column":1}},"line":155},"14":{"name":"(anonymous_14)","decl":{"start":{"line":157,"column":84},"end":{"line":157,"column":85}},"loc":{"start":{"line":157,"column":94},"end":{"line":157,"column":98}},"line":157},"15":{"name":"(anonymous_15)","decl":{"start":{"line":164,"column":94},"end":{"line":164,"column":95}},"loc":{"start":{"line":164,"column":104},"end":{"line":164,"column":108}},"line":164},"16":{"name":"(anonymous_16)","decl":{"start":{"line":169,"column":88},"end":{"line":169,"column":89}},"loc":{"start":{"line":169,"column":98},"end":{"line":169,"column":102}},"line":169},"17":{"name":"(anonymous_17)","decl":{"start":{"line":180,"column":22},"end":{"line":180,"column":23}},"loc":{"start":{"line":180,"column":41},"end":{"line":187,"column":1}},"line":180},"18":{"name":"(anonymous_18)","decl":{"start":{"line":182,"column":63},"end":{"line":182,"column":64}},"loc":{"start":{"line":182,"column":73},"end":{"line":182,"column":77}},"line":182},"19":{"name":"(anonymous_19)","decl":{"start":{"line":190,"column":19},"end":{"line":190,"column":20}},"loc":{"start":{"line":190,"column":38},"end":{"line":212,"column":1}},"line":190},"20":{"name":"(anonymous_20)","decl":{"start":{"line":192,"column":84},"end":{"line":192,"column":85}},"loc":{"start":{"line":192,"column":94},"end":{"line":192,"column":98}},"line":192},"21":{"name":"(anonymous_21)","decl":{"start":{"line":199,"column":94},"end":{"line":199,"column":95}},"loc":{"start":{"line":199,"column":104},"end":{"line":199,"column":108}},"line":199},"22":{"name":"(anonymous_22)","decl":{"start":{"line":204,"column":88},"end":{"line":204,"column":89}},"loc":{"start":{"line":204,"column":98},"end":{"line":204,"column":102}},"line":204},"23":{"name":"(anonymous_23)","decl":{"start":{"line":215,"column":29},"end":{"line":215,"column":30}},"loc":{"start":{"line":215,"column":48},"end":{"line":237,"column":1}},"line":215},"24":{"name":"(anonymous_24)","decl":{"start":{"line":217,"column":76},"end":{"line":217,"column":77}},"loc":{"start":{"line":217,"column":86},"end":{"line":217,"column":90}},"line":217},"25":{"name":"(anonymous_25)","decl":{"start":{"line":224,"column":94},"end":{"line":224,"column":95}},"loc":{"start":{"line":224,"column":104},"end":{"line":224,"column":108}},"line":224},"26":{"name":"(anonymous_26)","decl":{"start":{"line":229,"column":88},"end":{"line":229,"column":89}},"loc":{"start":{"line":229,"column":98},"end":{"line":229,"column":102}},"line":229},"27":{"name":"(anonymous_27)","decl":{"start":{"line":240,"column":20},"end":{"line":240,"column":21}},"loc":{"start":{"line":240,"column":39},"end":{"line":247,"column":1}},"line":240},"28":{"name":"(anonymous_28)","decl":{"start":{"line":242,"column":57},"end":{"line":242,"column":58}},"loc":{"start":{"line":242,"column":67},"end":{"line":242,"column":71}},"line":242},"29":{"name":"(anonymous_29)","decl":{"start":{"line":250,"column":27},"end":{"line":250,"column":28}},"loc":{"start":{"line":250,"column":46},"end":{"line":265,"column":1}},"line":250},"30":{"name":"(anonymous_30)","decl":{"start":{"line":253,"column":94},"end":{"line":253,"column":95}},"loc":{"start":{"line":253,"column":104},"end":{"line":253,"column":108}},"line":253},"31":{"name":"(anonymous_31)","decl":{"start":{"line":258,"column":88},"end":{"line":258,"column":89}},"loc":{"start":{"line":258,"column":98},"end":{"line":258,"column":102}},"line":258},"32":{"name":"(anonymous_32)","decl":{"start":{"line":268,"column":25},"end":{"line":268,"column":26}},"loc":{"start":{"line":268,"column":44},"end":{"line":283,"column":1}},"line":268},"33":{"name":"(anonymous_33)","decl":{"start":{"line":271,"column":94},"end":{"line":271,"column":95}},"loc":{"start":{"line":271,"column":104},"end":{"line":271,"column":108}},"line":271},"34":{"name":"(anonymous_34)","decl":{"start":{"line":276,"column":88},"end":{"line":276,"column":89}},"loc":{"start":{"line":276,"column":98},"end":{"line":276,"column":102}},"line":276},"35":{"name":"(anonymous_35)","decl":{"start":{"line":286,"column":28},"end":{"line":286,"column":29}},"loc":{"start":{"line":286,"column":47},"end":{"line":314,"column":1}},"line":286},"36":{"name":"(anonymous_36)","decl":{"start":{"line":289,"column":60},"end":{"line":289,"column":61}},"loc":{"start":{"line":289,"column":70},"end":{"line":289,"column":74}},"line":289},"37":{"name":"(anonymous_37)","decl":{"start":{"line":294,"column":54},"end":{"line":294,"column":55}},"loc":{"start":{"line":294,"column":64},"end":{"line":294,"column":68}},"line":294},"38":{"name":"(anonymous_38)","decl":{"start":{"line":299,"column":94},"end":{"line":299,"column":95}},"loc":{"start":{"line":299,"column":104},"end":{"line":299,"column":108}},"line":299},"39":{"name":"(anonymous_39)","decl":{"start":{"line":304,"column":88},"end":{"line":304,"column":89}},"loc":{"start":{"line":304,"column":98},"end":{"line":304,"column":102}},"line":304},"40":{"name":"(anonymous_40)","decl":{"start":{"line":317,"column":37},"end":{"line":317,"column":38}},"loc":{"start":{"line":317,"column":56},"end":{"line":332,"column":1}},"line":317},"41":{"name":"(anonymous_41)","decl":{"start":{"line":320,"column":84},"end":{"line":320,"column":85}},"loc":{"start":{"line":320,"column":94},"end":{"line":320,"column":98}},"line":320},"42":{"name":"(anonymous_42)","decl":{"start":{"line":327,"column":95},"end":{"line":327,"column":96}},"loc":{"start":{"line":327,"column":105},"end":{"line":327,"column":109}},"line":327},"43":{"name":"(anonymous_43)","decl":{"start":{"line":335,"column":39},"end":{"line":335,"column":40}},"loc":{"start":{"line":335,"column":58},"end":{"line":350,"column":1}},"line":335},"44":{"name":"(anonymous_44)","decl":{"start":{"line":338,"column":84},"end":{"line":338,"column":85}},"loc":{"start":{"line":338,"column":94},"end":{"line":338,"column":98}},"line":338},"45":{"name":"(anonymous_45)","decl":{"start":{"line":345,"column":95},"end":{"line":345,"column":96}},"loc":{"start":{"line":345,"column":105},"end":{"line":345,"column":109}},"line":345},"46":{"name":"(anonymous_46)","decl":{"start":{"line":353,"column":33},"end":{"line":353,"column":34}},"loc":{"start":{"line":353,"column":52},"end":{"line":368,"column":1}},"line":353},"47":{"name":"(anonymous_47)","decl":{"start":{"line":356,"column":76},"end":{"line":356,"column":77}},"loc":{"start":{"line":356,"column":86},"end":{"line":356,"column":90}},"line":356},"48":{"name":"(anonymous_48)","decl":{"start":{"line":363,"column":85},"end":{"line":363,"column":86}},"loc":{"start":{"line":363,"column":95},"end":{"line":363,"column":99}},"line":363},"49":{"name":"(anonymous_49)","decl":{"start":{"line":371,"column":35},"end":{"line":371,"column":36}},"loc":{"start":{"line":371,"column":54},"end":{"line":386,"column":1}},"line":371},"50":{"name":"(anonymous_50)","decl":{"start":{"line":374,"column":76},"end":{"line":374,"column":77}},"loc":{"start":{"line":374,"column":86},"end":{"line":374,"column":90}},"line":374},"51":{"name":"(anonymous_51)","decl":{"start":{"line":381,"column":85},"end":{"line":381,"column":86}},"loc":{"start":{"line":381,"column":95},"end":{"line":381,"column":99}},"line":381},"52":{"name":"(anonymous_52)","decl":{"start":{"line":389,"column":45},"end":{"line":389,"column":46}},"loc":{"start":{"line":389,"column":64},"end":{"line":404,"column":1}},"line":389},"53":{"name":"(anonymous_53)","decl":{"start":{"line":392,"column":84},"end":{"line":392,"column":85}},"loc":{"start":{"line":392,"column":94},"end":{"line":392,"column":98}},"line":392},"54":{"name":"(anonymous_54)","decl":{"start":{"line":399,"column":95},"end":{"line":399,"column":96}},"loc":{"start":{"line":399,"column":105},"end":{"line":399,"column":109}},"line":399},"55":{"name":"(anonymous_55)","decl":{"start":{"line":407,"column":46},"end":{"line":407,"column":47}},"loc":{"start":{"line":407,"column":65},"end":{"line":422,"column":1}},"line":407},"56":{"name":"(anonymous_56)","decl":{"start":{"line":410,"column":84},"end":{"line":410,"column":85}},"loc":{"start":{"line":410,"column":94},"end":{"line":410,"column":98}},"line":410},"57":{"name":"(anonymous_57)","decl":{"start":{"line":417,"column":95},"end":{"line":417,"column":96}},"loc":{"start":{"line":417,"column":105},"end":{"line":417,"column":109}},"line":417},"58":{"name":"(anonymous_58)","decl":{"start":{"line":425,"column":41},"end":{"line":425,"column":42}},"loc":{"start":{"line":425,"column":60},"end":{"line":440,"column":1}},"line":425},"59":{"name":"(anonymous_59)","decl":{"start":{"line":428,"column":76},"end":{"line":428,"column":77}},"loc":{"start":{"line":428,"column":86},"end":{"line":428,"column":90}},"line":428},"60":{"name":"(anonymous_60)","decl":{"start":{"line":435,"column":85},"end":{"line":435,"column":86}},"loc":{"start":{"line":435,"column":95},"end":{"line":435,"column":99}},"line":435},"61":{"name":"(anonymous_61)","decl":{"start":{"line":443,"column":42},"end":{"line":443,"column":43}},"loc":{"start":{"line":443,"column":61},"end":{"line":458,"column":1}},"line":443},"62":{"name":"(anonymous_62)","decl":{"start":{"line":446,"column":76},"end":{"line":446,"column":77}},"loc":{"start":{"line":446,"column":86},"end":{"line":446,"column":90}},"line":446},"63":{"name":"(anonymous_63)","decl":{"start":{"line":453,"column":85},"end":{"line":453,"column":86}},"loc":{"start":{"line":453,"column":95},"end":{"line":453,"column":99}},"line":453},"64":{"name":"(anonymous_64)","decl":{"start":{"line":461,"column":37},"end":{"line":461,"column":38}},"loc":{"start":{"line":461,"column":56},"end":{"line":476,"column":1}},"line":461},"65":{"name":"(anonymous_65)","decl":{"start":{"line":464,"column":84},"end":{"line":464,"column":85}},"loc":{"start":{"line":464,"column":94},"end":{"line":464,"column":98}},"line":464},"66":{"name":"(anonymous_66)","decl":{"start":{"line":471,"column":95},"end":{"line":471,"column":96}},"loc":{"start":{"line":471,"column":105},"end":{"line":471,"column":109}},"line":471},"67":{"name":"(anonymous_67)","decl":{"start":{"line":479,"column":40},"end":{"line":479,"column":41}},"loc":{"start":{"line":479,"column":59},"end":{"line":494,"column":1}},"line":479},"68":{"name":"(anonymous_68)","decl":{"start":{"line":482,"column":84},"end":{"line":482,"column":85}},"loc":{"start":{"line":482,"column":94},"end":{"line":482,"column":98}},"line":482},"69":{"name":"(anonymous_69)","decl":{"start":{"line":489,"column":95},"end":{"line":489,"column":96}},"loc":{"start":{"line":489,"column":105},"end":{"line":489,"column":109}},"line":489},"70":{"name":"(anonymous_70)","decl":{"start":{"line":497,"column":33},"end":{"line":497,"column":34}},"loc":{"start":{"line":497,"column":52},"end":{"line":512,"column":1}},"line":497},"71":{"name":"(anonymous_71)","decl":{"start":{"line":500,"column":76},"end":{"line":500,"column":77}},"loc":{"start":{"line":500,"column":86},"end":{"line":500,"column":90}},"line":500},"72":{"name":"(anonymous_72)","decl":{"start":{"line":507,"column":85},"end":{"line":507,"column":86}},"loc":{"start":{"line":507,"column":95},"end":{"line":507,"column":99}},"line":507},"73":{"name":"(anonymous_73)","decl":{"start":{"line":515,"column":36},"end":{"line":515,"column":37}},"loc":{"start":{"line":515,"column":55},"end":{"line":530,"column":1}},"line":515},"74":{"name":"(anonymous_74)","decl":{"start":{"line":518,"column":76},"end":{"line":518,"column":77}},"loc":{"start":{"line":518,"column":86},"end":{"line":518,"column":90}},"line":518},"75":{"name":"(anonymous_75)","decl":{"start":{"line":525,"column":85},"end":{"line":525,"column":86}},"loc":{"start":{"line":525,"column":95},"end":{"line":525,"column":99}},"line":525},"76":{"name":"(anonymous_76)","decl":{"start":{"line":532,"column":31},"end":{"line":532,"column":32}},"loc":{"start":{"line":532,"column":50},"end":{"line":546,"column":1}},"line":532},"77":{"name":"(anonymous_77)","decl":{"start":{"line":534,"column":72},"end":{"line":534,"column":73}},"loc":{"start":{"line":534,"column":82},"end":{"line":534,"column":86}},"line":534},"78":{"name":"(anonymous_78)","decl":{"start":{"line":541,"column":80},"end":{"line":541,"column":81}},"loc":{"start":{"line":541,"column":90},"end":{"line":541,"column":94}},"line":541},"79":{"name":"(anonymous_79)","decl":{"start":{"line":548,"column":34},"end":{"line":548,"column":35}},"loc":{"start":{"line":548,"column":53},"end":{"line":562,"column":1}},"line":548},"80":{"name":"(anonymous_80)","decl":{"start":{"line":550,"column":72},"end":{"line":550,"column":73}},"loc":{"start":{"line":550,"column":82},"end":{"line":550,"column":86}},"line":550},"81":{"name":"(anonymous_81)","decl":{"start":{"line":557,"column":80},"end":{"line":557,"column":81}},"loc":{"start":{"line":557,"column":90},"end":{"line":557,"column":94}},"line":557},"82":{"name":"(anonymous_82)","decl":{"start":{"line":565,"column":28},"end":{"line":565,"column":29}},"loc":{"start":{"line":565,"column":47},"end":{"line":584,"column":1}},"line":565},"83":{"name":"(anonymous_83)","decl":{"start":{"line":567,"column":81},"end":{"line":567,"column":82}},"loc":{"start":{"line":567,"column":91},"end":{"line":567,"column":95}},"line":567},"84":{"name":"(anonymous_84)","decl":{"start":{"line":572,"column":94},"end":{"line":572,"column":95}},"loc":{"start":{"line":572,"column":104},"end":{"line":572,"column":108}},"line":572},"85":{"name":"(anonymous_85)","decl":{"start":{"line":577,"column":88},"end":{"line":577,"column":89}},"loc":{"start":{"line":577,"column":98},"end":{"line":577,"column":102}},"line":577},"86":{"name":"(anonymous_86)","decl":{"start":{"line":587,"column":45},"end":{"line":587,"column":46}},"loc":{"start":{"line":587,"column":64},"end":{"line":596,"column":1}},"line":587},"87":{"name":"(anonymous_87)","decl":{"start":{"line":591,"column":68},"end":{"line":591,"column":69}},"loc":{"start":{"line":591,"column":78},"end":{"line":591,"column":82}},"line":591},"88":{"name":"(anonymous_88)","decl":{"start":{"line":599,"column":41},"end":{"line":599,"column":42}},"loc":{"start":{"line":599,"column":60},"end":{"line":608,"column":1}},"line":599},"89":{"name":"(anonymous_89)","decl":{"start":{"line":603,"column":68},"end":{"line":603,"column":69}},"loc":{"start":{"line":603,"column":78},"end":{"line":603,"column":82}},"line":603},"90":{"name":"(anonymous_90)","decl":{"start":{"line":611,"column":17},"end":{"line":611,"column":18}},"loc":{"start":{"line":611,"column":23},"end":{"line":611,"column":70}},"line":611}},"branchMap":{"0":{"loc":{"start":{"line":73,"column":1},"end":{"line":93,"column":2}},"type":"if","locations":[{"start":{"line":73,"column":1},"end":{"line":93,"column":2}},{"start":{"line":73,"column":1},"end":{"line":93,"column":2}}],"line":73}},"s":{"0":1,"1":1,"2":1,"3":1,"4":1,"5":1,"6":1,"7":1,"8":1,"9":1,"10":1,"11":1,"12":1,"13":1,"14":1,"15":1,"16":1,"17":1,"18":1,"19":1,"20":1,"21":1,"22":1,"23":1,"24":1,"25":1,"26":1,"27":1,"28":1,"29":1,"30":1,"31":2,"32":2,"33":1,"34":1,"35":1,"36":1,"37":1,"38":1,"39":1,"40":1,"41":1,"42":1,"43":1,"44":1,"45":1,"46":1,"47":1,"48":1,"49":1,"50":1,"51":1,"52":1,"53":1,"54":1,"55":1,"56":1,"57":1,"58":1,"59":1,"60":2,"61":2,"62":2,"63":2,"64":2,"65":2,"66":2,"67":2,"68":2,"69":2,"70":2,"71":2,"72":2,"73":1,"74":1,"75":1,"76":1,"77":1,"78":1,"79":1,"80":1,"81":1,"82":1,"83":1,"84":1,"85":1,"86":1,"87":1,"88":1,"89":1,"90":1,"91":1,"92":1,"93":1,"94":1,"95":1,"96":1,"97":1,"98":1,"99":1,"100":1,"101":1,"102":1,"103":1,"104":1,"105":1,"106":1,"107":1,"108":1,"109":1,"110":1,"111":1,"112":1,"113":1,"114":1,"115":1,"116":1,"117":1,"118":1,"119":1,"120":1,"121":1,"122":1,"123":1,"124":1,"125":1,"126":1,"127":1,"128":1,"129":1,"130":1,"131":1,"132":1,"133":1,"134":1,"135":1,"136":1,"137":1,"138":1,"139":1,"140":1,"141":1,"142":1,"143":1,"144":1,"145":1,"146":1,"147":1,"148":1,"149":1,"150":1,"151":1,"152":1,"153":1,"154":1,"155":1,"156":1,"157":1,"158":1,"159":1,"160":1,"161":1,"162":1,"163":1,"164":1,"165":1,"166":1,"167":1,"168":1,"169":1,"170":1,"171":1,"172":1,"173":1,"174":1,"175":1,"176":1,"177":1,"178":1,"179":1,"180":1,"181":1,"182":1,"183":1,"184":1,"185":1,"186":1,"187":1,"188":1,"189":1,"190":1,"191":1,"192":1,"193":1,"194":1,"195":1,"196":1,"197":1,"198":1,"199":1,"200":1,"201":1,"202":1,"203":1,"204":1,"205":1,"206":1,"207":1,"208":1,"209":1,"210":1,"211":1,"212":1,"213":1,"214":1,"215":1,"216":1,"217":1,"218":1,"219":1,"220":1,"221":1,"222":1,"223":1,"224":1,"225":1,"226":1,"227":1,"228":1,"229":1,"230":1,"231":1,"232":1,"233":1,"234":1,"235":1,"236":1,"237":1,"238":1,"239":1,"240":1,"241":1,"242":1,"243":1,"244":1,"245":1,"246":1,"247":1,"248":1,"249":1,"250":1,"251":1,"252":1,"253":1,"254":1,"255":1,"256":1,"257":1,"258":1,"259":1,"260":1,"261":1,"262":1,"263":1,"264":1,"265":1,"266":1,"267":1,"268":1,"269":1,"270":1,"271":1,"272":1,"273":1,"274":1,"275":1,"276":1,"277":1,"278":1,"279":1,"280":1,"281":1,"282":1,"283":1,"284":1,"285":1,"286":1,"287":1,"288":1,"289":1,"290":1,"291":1,"292":1,"293":1,"294":1,"295":1,"296":1,"297":1,"298":1,"299":1,"300":1,"301":1,"302":1,"303":1,"304":1,"305":1,"306":1,"307":1,"308":1,"309":1,"310":1,"311":1,"312":1,"313":1,"314":1,"315":1,"316":1,"317":1,"318":1,"319":1,"320":1,"321":1,"322":1,"323":1,"324":1,"325":1,"326":1,"327":1,"328":1,"329":1,"330":1,"331":1},"f":{"0":1,"1":1,"2":1,"3":2,"4":1,"5":1,"6":1,"7":1,"8":1,"9":2,"10":2,"11":2,"12":2,"13":1,"14":1,"15":1,"16":1,"17":1,"18":1,"19":1,"20":1,"21":1,"22":1,"23":1,"24":1,"25":1,"26":1,"27":1,"28":1,"29":1,"30":1,"31":1,"32":1,"33":1,"34":1,"35":1,"36":1,"37":1,"38":1,"39":1,"40":1,"41":1,"42":1,"43":1,"44":1,"45":1,"46":1,"47":1,"48":1,"49":1,"50":1,"51":1,"52":1,"53":1,"54":1,"55":1,"56":1,"57":1,"58":1,"59":1,"60":1,"61":1,"62":1,"63":1,"64":1,"65":1,"66":1,"67":1,"68":1,"69":1,"70":1,"71":1,"72":1,"73":1,"74":1,"75":1,"76":1,"77":1,"78":1,"79":1,"80":1,"81":1,"82":1,"83":1,"84":1,"85":1,"86":1,"87":1,"88":1,"89":1,"90":1},"b":{"0":[1,1]},"_coverageSchema":"332fd63041d2c1bcb487cc26dd0d5f7d97098a6c","hash":"478608f0a16402cc160154585c4efca9de8aef92"}
,"/home/genaro/Desktop/340CT/bedenkog-local-news-ui/modules/articles-mediator.js": {"path":"/home/genaro/Desktop/340CT/bedenkog-local-news-ui/modules/articles-mediator.js","statementMap":{"0":{"start":{"line":3,"column":16},"end":{"line":3,"column":34}},"1":{"start":{"line":5,"column":20},"end":{"line":5,"column":62}},"2":{"start":{"line":7,"column":0},"end":{"line":20,"column":2}},"3":{"start":{"line":7,"column":43},"end":{"line":20,"column":2}},"4":{"start":{"line":10,"column":1},"end":{"line":10,"column":32}},"5":{"start":{"line":11,"column":1},"end":{"line":11,"column":32}},"6":{"start":{"line":12,"column":1},"end":{"line":12,"column":27}},"7":{"start":{"line":13,"column":1},"end":{"line":13,"column":30}},"8":{"start":{"line":16,"column":1},"end":{"line":19,"column":3}},"9":{"start":{"line":18,"column":2},"end":{"line":18,"column":15}},"10":{"start":{"line":22,"column":0},"end":{"line":31,"column":2}},"11":{"start":{"line":22,"column":47},"end":{"line":31,"column":2}},"12":{"start":{"line":25,"column":1},"end":{"line":25,"column":37}},"13":{"start":{"line":25,"column":15},"end":{"line":25,"column":37}},"14":{"start":{"line":27,"column":1},"end":{"line":30,"column":3}},"15":{"start":{"line":29,"column":2},"end":{"line":29,"column":15}},"16":{"start":{"line":33,"column":0},"end":{"line":39,"column":2}},"17":{"start":{"line":33,"column":40},"end":{"line":39,"column":2}},"18":{"start":{"line":35,"column":1},"end":{"line":38,"column":3}},"19":{"start":{"line":37,"column":2},"end":{"line":37,"column":15}},"20":{"start":{"line":41,"column":0},"end":{"line":50,"column":2}},"21":{"start":{"line":41,"column":61},"end":{"line":50,"column":2}},"22":{"start":{"line":44,"column":1},"end":{"line":44,"column":32}},"23":{"start":{"line":46,"column":1},"end":{"line":49,"column":3}},"24":{"start":{"line":48,"column":2},"end":{"line":48,"column":15}},"25":{"start":{"line":52,"column":0},"end":{"line":58,"column":2}},"26":{"start":{"line":52,"column":39},"end":{"line":58,"column":2}},"27":{"start":{"line":54,"column":1},"end":{"line":57,"column":3}},"28":{"start":{"line":56,"column":2},"end":{"line":56,"column":15}}},"fnMap":{"0":{"name":"(anonymous_0)","decl":{"start":{"line":7,"column":21},"end":{"line":7,"column":22}},"loc":{"start":{"line":7,"column":43},"end":{"line":20,"column":2}},"line":7},"1":{"name":"(anonymous_1)","decl":{"start":{"line":7,"column":55},"end":{"line":7,"column":56}},"loc":{"start":{"line":7,"column":76},"end":{"line":20,"column":1}},"line":7},"2":{"name":"(anonymous_2)","decl":{"start":{"line":16,"column":121},"end":{"line":16,"column":122}},"loc":{"start":{"line":16,"column":142},"end":{"line":19,"column":2}},"line":16},"3":{"name":"(anonymous_3)","decl":{"start":{"line":22,"column":25},"end":{"line":22,"column":26}},"loc":{"start":{"line":22,"column":47},"end":{"line":31,"column":2}},"line":22},"4":{"name":"(anonymous_4)","decl":{"start":{"line":22,"column":59},"end":{"line":22,"column":60}},"loc":{"start":{"line":22,"column":80},"end":{"line":31,"column":1}},"line":22},"5":{"name":"(anonymous_5)","decl":{"start":{"line":27,"column":109},"end":{"line":27,"column":110}},"loc":{"start":{"line":27,"column":130},"end":{"line":30,"column":2}},"line":27},"6":{"name":"(anonymous_6)","decl":{"start":{"line":33,"column":25},"end":{"line":33,"column":26}},"loc":{"start":{"line":33,"column":40},"end":{"line":39,"column":2}},"line":33},"7":{"name":"(anonymous_7)","decl":{"start":{"line":33,"column":52},"end":{"line":33,"column":53}},"loc":{"start":{"line":33,"column":73},"end":{"line":39,"column":1}},"line":33},"8":{"name":"(anonymous_8)","decl":{"start":{"line":35,"column":92},"end":{"line":35,"column":93}},"loc":{"start":{"line":35,"column":113},"end":{"line":38,"column":2}},"line":35},"9":{"name":"(anonymous_9)","decl":{"start":{"line":41,"column":24},"end":{"line":41,"column":25}},"loc":{"start":{"line":41,"column":61},"end":{"line":50,"column":2}},"line":41},"10":{"name":"(anonymous_10)","decl":{"start":{"line":41,"column":73},"end":{"line":41,"column":74}},"loc":{"start":{"line":41,"column":94},"end":{"line":50,"column":1}},"line":41},"11":{"name":"(anonymous_11)","decl":{"start":{"line":46,"column":136},"end":{"line":46,"column":137}},"loc":{"start":{"line":46,"column":157},"end":{"line":49,"column":2}},"line":46},"12":{"name":"(anonymous_12)","decl":{"start":{"line":52,"column":24},"end":{"line":52,"column":25}},"loc":{"start":{"line":52,"column":39},"end":{"line":58,"column":2}},"line":52},"13":{"name":"(anonymous_13)","decl":{"start":{"line":52,"column":51},"end":{"line":52,"column":52}},"loc":{"start":{"line":52,"column":72},"end":{"line":58,"column":1}},"line":52},"14":{"name":"(anonymous_14)","decl":{"start":{"line":54,"column":95},"end":{"line":54,"column":96}},"loc":{"start":{"line":54,"column":116},"end":{"line":57,"column":2}},"line":54}},"branchMap":{"0":{"loc":{"start":{"line":25,"column":1},"end":{"line":25,"column":37}},"type":"if","locations":[{"start":{"line":25,"column":1},"end":{"line":25,"column":37}},{"start":{"line":25,"column":1},"end":{"line":25,"column":37}}],"line":25}},"s":{"0":2,"1":2,"2":2,"3":1,"4":1,"5":1,"6":1,"7":1,"8":1,"9":1,"10":2,"11":2,"12":2,"13":1,"14":2,"15":2,"16":2,"17":1,"18":1,"19":1,"20":2,"21":1,"22":1,"23":1,"24":1,"25":2,"26":1,"27":1,"28":1},"f":{"0":1,"1":1,"2":1,"3":2,"4":2,"5":2,"6":1,"7":1,"8":1,"9":1,"10":1,"11":1,"12":1,"13":1,"14":1},"b":{"0":[1,1]},"_coverageSchema":"332fd63041d2c1bcb487cc26dd0d5f7d97098a6c","hash":"7f893bd2347144f01e748367f10a00b7f76aa3eb"}
,"/home/genaro/Desktop/340CT/bedenkog-local-news-ui/modules/comments-mediator.js": {"path":"/home/genaro/Desktop/340CT/bedenkog-local-news-ui/modules/comments-mediator.js","statementMap":{"0":{"start":{"line":3,"column":16},"end":{"line":3,"column":34}},"1":{"start":{"line":5,"column":20},"end":{"line":5,"column":62}},"2":{"start":{"line":7,"column":0},"end":{"line":14,"column":2}},"3":{"start":{"line":7,"column":43},"end":{"line":14,"column":2}},"4":{"start":{"line":10,"column":3},"end":{"line":13,"column":3}},"5":{"start":{"line":12,"column":2},"end":{"line":12,"column":15}},"6":{"start":{"line":16,"column":0},"end":{"line":22,"column":2}},"7":{"start":{"line":16,"column":36},"end":{"line":22,"column":2}},"8":{"start":{"line":18,"column":1},"end":{"line":21,"column":3}},"9":{"start":{"line":20,"column":2},"end":{"line":20,"column":15}},"10":{"start":{"line":24,"column":0},"end":{"line":30,"column":2}},"11":{"start":{"line":24,"column":40},"end":{"line":30,"column":2}},"12":{"start":{"line":26,"column":1},"end":{"line":29,"column":3}},"13":{"start":{"line":28,"column":2},"end":{"line":28,"column":15}},"14":{"start":{"line":32,"column":0},"end":{"line":41,"column":2}},"15":{"start":{"line":32,"column":61},"end":{"line":41,"column":2}},"16":{"start":{"line":35,"column":1},"end":{"line":35,"column":32}},"17":{"start":{"line":37,"column":1},"end":{"line":40,"column":3}},"18":{"start":{"line":39,"column":2},"end":{"line":39,"column":15}},"19":{"start":{"line":43,"column":0},"end":{"line":49,"column":2}},"20":{"start":{"line":43,"column":39},"end":{"line":49,"column":2}},"21":{"start":{"line":45,"column":1},"end":{"line":48,"column":3}},"22":{"start":{"line":47,"column":2},"end":{"line":47,"column":15}}},"fnMap":{"0":{"name":"(anonymous_0)","decl":{"start":{"line":7,"column":21},"end":{"line":7,"column":22}},"loc":{"start":{"line":7,"column":43},"end":{"line":14,"column":2}},"line":7},"1":{"name":"(anonymous_1)","decl":{"start":{"line":7,"column":55},"end":{"line":7,"column":56}},"loc":{"start":{"line":7,"column":76},"end":{"line":14,"column":1}},"line":7},"2":{"name":"(anonymous_2)","decl":{"start":{"line":10,"column":123},"end":{"line":10,"column":124}},"loc":{"start":{"line":10,"column":144},"end":{"line":13,"column":2}},"line":10},"3":{"name":"(anonymous_3)","decl":{"start":{"line":16,"column":25},"end":{"line":16,"column":26}},"loc":{"start":{"line":16,"column":36},"end":{"line":22,"column":2}},"line":16},"4":{"name":"(anonymous_4)","decl":{"start":{"line":16,"column":48},"end":{"line":16,"column":49}},"loc":{"start":{"line":16,"column":69},"end":{"line":22,"column":1}},"line":16},"5":{"name":"(anonymous_5)","decl":{"start":{"line":18,"column":109},"end":{"line":18,"column":110}},"loc":{"start":{"line":18,"column":130},"end":{"line":21,"column":2}},"line":18},"6":{"name":"(anonymous_6)","decl":{"start":{"line":24,"column":25},"end":{"line":24,"column":26}},"loc":{"start":{"line":24,"column":40},"end":{"line":30,"column":2}},"line":24},"7":{"name":"(anonymous_7)","decl":{"start":{"line":24,"column":52},"end":{"line":24,"column":53}},"loc":{"start":{"line":24,"column":73},"end":{"line":30,"column":1}},"line":24},"8":{"name":"(anonymous_8)","decl":{"start":{"line":26,"column":92},"end":{"line":26,"column":93}},"loc":{"start":{"line":26,"column":113},"end":{"line":29,"column":2}},"line":26},"9":{"name":"(anonymous_9)","decl":{"start":{"line":32,"column":24},"end":{"line":32,"column":25}},"loc":{"start":{"line":32,"column":61},"end":{"line":41,"column":2}},"line":32},"10":{"name":"(anonymous_10)","decl":{"start":{"line":32,"column":73},"end":{"line":32,"column":74}},"loc":{"start":{"line":32,"column":94},"end":{"line":41,"column":1}},"line":32},"11":{"name":"(anonymous_11)","decl":{"start":{"line":37,"column":136},"end":{"line":37,"column":137}},"loc":{"start":{"line":37,"column":157},"end":{"line":40,"column":2}},"line":37},"12":{"name":"(anonymous_12)","decl":{"start":{"line":43,"column":24},"end":{"line":43,"column":25}},"loc":{"start":{"line":43,"column":39},"end":{"line":49,"column":2}},"line":43},"13":{"name":"(anonymous_13)","decl":{"start":{"line":43,"column":51},"end":{"line":43,"column":52}},"loc":{"start":{"line":43,"column":72},"end":{"line":49,"column":1}},"line":43},"14":{"name":"(anonymous_14)","decl":{"start":{"line":45,"column":95},"end":{"line":45,"column":96}},"loc":{"start":{"line":45,"column":116},"end":{"line":48,"column":2}},"line":45}},"branchMap":{},"s":{"0":2,"1":2,"2":2,"3":1,"4":1,"5":1,"6":2,"7":1,"8":1,"9":1,"10":2,"11":1,"12":1,"13":1,"14":2,"15":1,"16":1,"17":1,"18":1,"19":2,"20":1,"21":1,"22":1},"f":{"0":1,"1":1,"2":1,"3":1,"4":1,"5":1,"6":1,"7":1,"8":1,"9":1,"10":1,"11":1,"12":1,"13":1,"14":1},"b":{},"_coverageSchema":"332fd63041d2c1bcb487cc26dd0d5f7d97098a6c","hash":"57450e4894fc636638c457dcd40754b593b25a2c"}
,"/home/genaro/Desktop/340CT/bedenkog-local-news-ui/modules/events-mediator.js": {"path":"/home/genaro/Desktop/340CT/bedenkog-local-news-ui/modules/events-mediator.js","statementMap":{"0":{"start":{"line":3,"column":16},"end":{"line":3,"column":34}},"1":{"start":{"line":5,"column":18},"end":{"line":5,"column":58}},"2":{"start":{"line":7,"column":0},"end":{"line":20,"column":2}},"3":{"start":{"line":7,"column":39},"end":{"line":20,"column":2}},"4":{"start":{"line":10,"column":1},"end":{"line":10,"column":30}},"5":{"start":{"line":11,"column":1},"end":{"line":11,"column":30}},"6":{"start":{"line":12,"column":1},"end":{"line":12,"column":25}},"7":{"start":{"line":13,"column":1},"end":{"line":13,"column":28}},"8":{"start":{"line":16,"column":3},"end":{"line":19,"column":3}},"9":{"start":{"line":18,"column":2},"end":{"line":18,"column":15}},"10":{"start":{"line":22,"column":0},"end":{"line":31,"column":2}},"11":{"start":{"line":22,"column":45},"end":{"line":31,"column":2}},"12":{"start":{"line":25,"column":1},"end":{"line":25,"column":37}},"13":{"start":{"line":25,"column":15},"end":{"line":25,"column":37}},"14":{"start":{"line":27,"column":1},"end":{"line":30,"column":3}},"15":{"start":{"line":29,"column":2},"end":{"line":29,"column":15}},"16":{"start":{"line":33,"column":0},"end":{"line":39,"column":2}},"17":{"start":{"line":33,"column":36},"end":{"line":39,"column":2}},"18":{"start":{"line":35,"column":1},"end":{"line":38,"column":3}},"19":{"start":{"line":37,"column":2},"end":{"line":37,"column":15}},"20":{"start":{"line":41,"column":0},"end":{"line":50,"column":2}},"21":{"start":{"line":41,"column":55},"end":{"line":50,"column":2}},"22":{"start":{"line":44,"column":1},"end":{"line":44,"column":30}},"23":{"start":{"line":46,"column":1},"end":{"line":49,"column":3}},"24":{"start":{"line":48,"column":2},"end":{"line":48,"column":15}},"25":{"start":{"line":52,"column":0},"end":{"line":58,"column":2}},"26":{"start":{"line":52,"column":35},"end":{"line":58,"column":2}},"27":{"start":{"line":54,"column":1},"end":{"line":57,"column":3}},"28":{"start":{"line":56,"column":2},"end":{"line":56,"column":15}}},"fnMap":{"0":{"name":"(anonymous_0)","decl":{"start":{"line":7,"column":19},"end":{"line":7,"column":20}},"loc":{"start":{"line":7,"column":39},"end":{"line":20,"column":2}},"line":7},"1":{"name":"(anonymous_1)","decl":{"start":{"line":7,"column":51},"end":{"line":7,"column":52}},"loc":{"start":{"line":7,"column":72},"end":{"line":20,"column":1}},"line":7},"2":{"name":"(anonymous_2)","decl":{"start":{"line":16,"column":119},"end":{"line":16,"column":120}},"loc":{"start":{"line":16,"column":140},"end":{"line":19,"column":2}},"line":16},"3":{"name":"(anonymous_3)","decl":{"start":{"line":22,"column":23},"end":{"line":22,"column":24}},"loc":{"start":{"line":22,"column":45},"end":{"line":31,"column":2}},"line":22},"4":{"name":"(anonymous_4)","decl":{"start":{"line":22,"column":57},"end":{"line":22,"column":58}},"loc":{"start":{"line":22,"column":78},"end":{"line":31,"column":1}},"line":22},"5":{"name":"(anonymous_5)","decl":{"start":{"line":27,"column":107},"end":{"line":27,"column":108}},"loc":{"start":{"line":27,"column":128},"end":{"line":30,"column":2}},"line":27},"6":{"name":"(anonymous_6)","decl":{"start":{"line":33,"column":23},"end":{"line":33,"column":24}},"loc":{"start":{"line":33,"column":36},"end":{"line":39,"column":2}},"line":33},"7":{"name":"(anonymous_7)","decl":{"start":{"line":33,"column":48},"end":{"line":33,"column":49}},"loc":{"start":{"line":33,"column":69},"end":{"line":39,"column":1}},"line":33},"8":{"name":"(anonymous_8)","decl":{"start":{"line":35,"column":88},"end":{"line":35,"column":89}},"loc":{"start":{"line":35,"column":109},"end":{"line":38,"column":2}},"line":35},"9":{"name":"(anonymous_9)","decl":{"start":{"line":41,"column":22},"end":{"line":41,"column":23}},"loc":{"start":{"line":41,"column":55},"end":{"line":50,"column":2}},"line":41},"10":{"name":"(anonymous_10)","decl":{"start":{"line":41,"column":67},"end":{"line":41,"column":68}},"loc":{"start":{"line":41,"column":88},"end":{"line":50,"column":1}},"line":41},"11":{"name":"(anonymous_11)","decl":{"start":{"line":46,"column":130},"end":{"line":46,"column":131}},"loc":{"start":{"line":46,"column":151},"end":{"line":49,"column":2}},"line":46},"12":{"name":"(anonymous_12)","decl":{"start":{"line":52,"column":22},"end":{"line":52,"column":23}},"loc":{"start":{"line":52,"column":35},"end":{"line":58,"column":2}},"line":52},"13":{"name":"(anonymous_13)","decl":{"start":{"line":52,"column":47},"end":{"line":52,"column":48}},"loc":{"start":{"line":52,"column":68},"end":{"line":58,"column":1}},"line":52},"14":{"name":"(anonymous_14)","decl":{"start":{"line":54,"column":91},"end":{"line":54,"column":92}},"loc":{"start":{"line":54,"column":112},"end":{"line":57,"column":2}},"line":54}},"branchMap":{"0":{"loc":{"start":{"line":25,"column":1},"end":{"line":25,"column":37}},"type":"if","locations":[{"start":{"line":25,"column":1},"end":{"line":25,"column":37}},{"start":{"line":25,"column":1},"end":{"line":25,"column":37}}],"line":25}},"s":{"0":2,"1":2,"2":2,"3":1,"4":1,"5":1,"6":1,"7":1,"8":1,"9":1,"10":2,"11":2,"12":2,"13":1,"14":2,"15":2,"16":2,"17":1,"18":1,"19":1,"20":2,"21":1,"22":1,"23":1,"24":1,"25":2,"26":1,"27":1,"28":1},"f":{"0":1,"1":1,"2":1,"3":2,"4":2,"5":2,"6":1,"7":1,"8":1,"9":1,"10":1,"11":1,"12":1,"13":1,"14":1},"b":{"0":[1,1]},"_coverageSchema":"332fd63041d2c1bcb487cc26dd0d5f7d97098a6c","hash":"fa7d75cedde30cd301c8bb63b6d84ec5e79534e6"}
,"/home/genaro/Desktop/340CT/bedenkog-local-news-ui/modules/users-mediator.js": {"path":"/home/genaro/Desktop/340CT/bedenkog-local-news-ui/modules/users-mediator.js","statementMap":{"0":{"start":{"line":4,"column":16},"end":{"line":4,"column":34}},"1":{"start":{"line":6,"column":17},"end":{"line":6,"column":56}},"2":{"start":{"line":8,"column":0},"end":{"line":14,"column":2}},"3":{"start":{"line":8,"column":37},"end":{"line":14,"column":2}},"4":{"start":{"line":10,"column":3},"end":{"line":13,"column":3}},"5":{"start":{"line":12,"column":2},"end":{"line":12,"column":15}},"6":{"start":{"line":51,"column":0},"end":{"line":57,"column":2}},"7":{"start":{"line":51,"column":34},"end":{"line":57,"column":2}},"8":{"start":{"line":53,"column":1},"end":{"line":56,"column":3}},"9":{"start":{"line":55,"column":2},"end":{"line":55,"column":15}},"10":{"start":{"line":59,"column":0},"end":{"line":68,"column":2}},"11":{"start":{"line":59,"column":52},"end":{"line":68,"column":2}},"12":{"start":{"line":62,"column":1},"end":{"line":62,"column":29}},"13":{"start":{"line":64,"column":1},"end":{"line":67,"column":3}},"14":{"start":{"line":66,"column":2},"end":{"line":66,"column":15}},"15":{"start":{"line":70,"column":0},"end":{"line":76,"column":2}},"16":{"start":{"line":70,"column":33},"end":{"line":76,"column":2}},"17":{"start":{"line":72,"column":1},"end":{"line":75,"column":3}},"18":{"start":{"line":74,"column":2},"end":{"line":74,"column":15}}},"fnMap":{"0":{"name":"(anonymous_0)","decl":{"start":{"line":8,"column":18},"end":{"line":8,"column":19}},"loc":{"start":{"line":8,"column":37},"end":{"line":14,"column":2}},"line":8},"1":{"name":"(anonymous_1)","decl":{"start":{"line":8,"column":49},"end":{"line":8,"column":50}},"loc":{"start":{"line":8,"column":70},"end":{"line":14,"column":1}},"line":8},"2":{"name":"(anonymous_2)","decl":{"start":{"line":10,"column":117},"end":{"line":10,"column":118}},"loc":{"start":{"line":10,"column":138},"end":{"line":13,"column":2}},"line":10},"3":{"name":"(anonymous_3)","decl":{"start":{"line":51,"column":22},"end":{"line":51,"column":23}},"loc":{"start":{"line":51,"column":34},"end":{"line":57,"column":2}},"line":51},"4":{"name":"(anonymous_4)","decl":{"start":{"line":51,"column":46},"end":{"line":51,"column":47}},"loc":{"start":{"line":51,"column":67},"end":{"line":57,"column":1}},"line":51},"5":{"name":"(anonymous_5)","decl":{"start":{"line":53,"column":86},"end":{"line":53,"column":87}},"loc":{"start":{"line":53,"column":107},"end":{"line":56,"column":2}},"line":53},"6":{"name":"(anonymous_6)","decl":{"start":{"line":59,"column":21},"end":{"line":59,"column":22}},"loc":{"start":{"line":59,"column":52},"end":{"line":68,"column":2}},"line":59},"7":{"name":"(anonymous_7)","decl":{"start":{"line":59,"column":64},"end":{"line":59,"column":65}},"loc":{"start":{"line":59,"column":85},"end":{"line":68,"column":1}},"line":59},"8":{"name":"(anonymous_8)","decl":{"start":{"line":64,"column":127},"end":{"line":64,"column":128}},"loc":{"start":{"line":64,"column":148},"end":{"line":67,"column":2}},"line":64},"9":{"name":"(anonymous_9)","decl":{"start":{"line":70,"column":21},"end":{"line":70,"column":22}},"loc":{"start":{"line":70,"column":33},"end":{"line":76,"column":2}},"line":70},"10":{"name":"(anonymous_10)","decl":{"start":{"line":70,"column":45},"end":{"line":70,"column":46}},"loc":{"start":{"line":70,"column":66},"end":{"line":76,"column":1}},"line":70},"11":{"name":"(anonymous_11)","decl":{"start":{"line":72,"column":89},"end":{"line":72,"column":90}},"loc":{"start":{"line":72,"column":110},"end":{"line":75,"column":2}},"line":72}},"branchMap":{},"s":{"0":2,"1":2,"2":2,"3":1,"4":1,"5":1,"6":2,"7":1,"8":1,"9":1,"10":2,"11":1,"12":1,"13":1,"14":1,"15":2,"16":1,"17":1,"18":1},"f":{"0":1,"1":1,"2":1,"3":1,"4":1,"5":1,"6":1,"7":1,"8":1,"9":1,"10":1,"11":1},"b":{},"_coverageSchema":"332fd63041d2c1bcb487cc26dd0d5f7d97098a6c","hash":"ea7a139f1570b70a6858ca383c7de92c23a59f54"}
}
