TN:
SF:/home/genaro/Desktop/340CT/bedenkog-local-news-ui/index.js
FN:35,(anonymous_0)
FN:40,(anonymous_1)
FN:57,(anonymous_2)
FN:68,(anonymous_3)
FN:97,(anonymous_4)
FN:100,(anonymous_5)
FN:105,(anonymous_6)
FN:113,(anonymous_7)
FN:118,(anonymous_8)
FN:130,(anonymous_9)
FN:132,(anonymous_10)
FN:139,(anonymous_11)
FN:144,(anonymous_12)
FN:155,(anonymous_13)
FN:157,(anonymous_14)
FN:164,(anonymous_15)
FN:169,(anonymous_16)
FN:180,(anonymous_17)
FN:182,(anonymous_18)
FN:190,(anonymous_19)
FN:192,(anonymous_20)
FN:199,(anonymous_21)
FN:204,(anonymous_22)
FN:215,(anonymous_23)
FN:217,(anonymous_24)
FN:224,(anonymous_25)
FN:229,(anonymous_26)
FN:240,(anonymous_27)
FN:242,(anonymous_28)
FN:250,(anonymous_29)
FN:253,(anonymous_30)
FN:258,(anonymous_31)
FN:268,(anonymous_32)
FN:271,(anonymous_33)
FN:276,(anonymous_34)
FN:286,(anonymous_35)
FN:289,(anonymous_36)
FN:294,(anonymous_37)
FN:299,(anonymous_38)
FN:304,(anonymous_39)
FN:317,(anonymous_40)
FN:320,(anonymous_41)
FN:327,(anonymous_42)
FN:335,(anonymous_43)
FN:338,(anonymous_44)
FN:345,(anonymous_45)
FN:353,(anonymous_46)
FN:356,(anonymous_47)
FN:363,(anonymous_48)
FN:371,(anonymous_49)
FN:374,(anonymous_50)
FN:381,(anonymous_51)
FN:389,(anonymous_52)
FN:392,(anonymous_53)
FN:399,(anonymous_54)
FN:407,(anonymous_55)
FN:410,(anonymous_56)
FN:417,(anonymous_57)
FN:425,(anonymous_58)
FN:428,(anonymous_59)
FN:435,(anonymous_60)
FN:443,(anonymous_61)
FN:446,(anonymous_62)
FN:453,(anonymous_63)
FN:461,(anonymous_64)
FN:464,(anonymous_65)
FN:471,(anonymous_66)
FN:479,(anonymous_67)
FN:482,(anonymous_68)
FN:489,(anonymous_69)
FN:497,(anonymous_70)
FN:500,(anonymous_71)
FN:507,(anonymous_72)
FN:515,(anonymous_73)
FN:518,(anonymous_74)
FN:525,(anonymous_75)
FN:532,(anonymous_76)
FN:534,(anonymous_77)
FN:541,(anonymous_78)
FN:548,(anonymous_79)
FN:550,(anonymous_80)
FN:557,(anonymous_81)
FN:565,(anonymous_82)
FN:567,(anonymous_83)
FN:572,(anonymous_84)
FN:577,(anonymous_85)
FN:587,(anonymous_86)
FN:591,(anonymous_87)
FN:599,(anonymous_88)
FN:603,(anonymous_89)
FN:611,(anonymous_90)
FNF:91
FNH:91
FNDA:1,(anonymous_0)
FNDA:1,(anonymous_1)
FNDA:1,(anonymous_2)
FNDA:2,(anonymous_3)
FNDA:1,(anonymous_4)
FNDA:1,(anonymous_5)
FNDA:1,(anonymous_6)
FNDA:1,(anonymous_7)
FNDA:1,(anonymous_8)
FNDA:1,(anonymous_9)
FNDA:1,(anonymous_10)
FNDA:1,(anonymous_11)
FNDA:1,(anonymous_12)
FNDA:1,(anonymous_13)
FNDA:1,(anonymous_14)
FNDA:1,(anonymous_15)
FNDA:1,(anonymous_16)
FNDA:1,(anonymous_17)
FNDA:1,(anonymous_18)
FNDA:1,(anonymous_19)
FNDA:1,(anonymous_20)
FNDA:1,(anonymous_21)
FNDA:1,(anonymous_22)
FNDA:1,(anonymous_23)
FNDA:1,(anonymous_24)
FNDA:1,(anonymous_25)
FNDA:1,(anonymous_26)
FNDA:1,(anonymous_27)
FNDA:1,(anonymous_28)
FNDA:1,(anonymous_29)
FNDA:1,(anonymous_30)
FNDA:1,(anonymous_31)
FNDA:1,(anonymous_32)
FNDA:1,(anonymous_33)
FNDA:1,(anonymous_34)
FNDA:1,(anonymous_35)
FNDA:1,(anonymous_36)
FNDA:1,(anonymous_37)
FNDA:1,(anonymous_38)
FNDA:1,(anonymous_39)
FNDA:1,(anonymous_40)
FNDA:1,(anonymous_41)
FNDA:1,(anonymous_42)
FNDA:1,(anonymous_43)
FNDA:1,(anonymous_44)
FNDA:1,(anonymous_45)
FNDA:1,(anonymous_46)
FNDA:1,(anonymous_47)
FNDA:1,(anonymous_48)
FNDA:1,(anonymous_49)
FNDA:1,(anonymous_50)
FNDA:1,(anonymous_51)
FNDA:1,(anonymous_52)
FNDA:1,(anonymous_53)
FNDA:1,(anonymous_54)
FNDA:1,(anonymous_55)
FNDA:1,(anonymous_56)
FNDA:1,(anonymous_57)
FNDA:1,(anonymous_58)
FNDA:1,(anonymous_59)
FNDA:1,(anonymous_60)
FNDA:1,(anonymous_61)
FNDA:1,(anonymous_62)
FNDA:1,(anonymous_63)
FNDA:1,(anonymous_64)
FNDA:1,(anonymous_65)
FNDA:1,(anonymous_66)
FNDA:1,(anonymous_67)
FNDA:1,(anonymous_68)
FNDA:1,(anonymous_69)
FNDA:1,(anonymous_70)
FNDA:1,(anonymous_71)
FNDA:1,(anonymous_72)
FNDA:1,(anonymous_73)
FNDA:1,(anonymous_74)
FNDA:1,(anonymous_75)
FNDA:1,(anonymous_76)
FNDA:1,(anonymous_77)
FNDA:1,(anonymous_78)
FNDA:1,(anonymous_79)
FNDA:1,(anonymous_80)
FNDA:1,(anonymous_81)
FNDA:1,(anonymous_82)
FNDA:1,(anonymous_83)
FNDA:1,(anonymous_84)
FNDA:1,(anonymous_85)
FNDA:1,(anonymous_86)
FNDA:1,(anonymous_87)
FNDA:1,(anonymous_88)
FNDA:1,(anonymous_89)
FNDA:1,(anonymous_90)
DA:5,1
DA:8,1
DA:9,1
DA:10,1
DA:11,1
DA:12,1
DA:13,1
DA:14,1
DA:15,1
DA:16,1
DA:19,1
DA:20,1
DA:23,1
DA:26,1
DA:29,1
DA:30,1
DA:31,1
DA:32,1
DA:35,1
DA:36,1
DA:40,1
DA:43,1
DA:46,1
DA:47,1
DA:50,1
DA:57,1
DA:60,1
DA:61,1
DA:64,1
DA:68,1
DA:71,2
DA:73,2
DA:76,1
DA:77,1
DA:80,1
DA:81,1
DA:84,1
DA:89,1
DA:92,1
DA:97,1
DA:100,1
DA:101,1
DA:102,1
DA:105,1
DA:106,1
DA:107,1
DA:110,1
DA:113,1
DA:114,1
DA:115,1
DA:118,1
DA:119,1
DA:120,1
DA:123,1
DA:130,1
DA:132,1
DA:134,1
DA:136,1
DA:139,1
DA:140,1
DA:141,1
DA:144,1
DA:145,1
DA:146,1
DA:148,1
DA:155,1
DA:157,1
DA:159,1
DA:161,1
DA:164,1
DA:165,1
DA:166,1
DA:169,1
DA:170,1
DA:171,1
DA:173,1
DA:180,1
DA:182,1
DA:184,1
DA:186,1
DA:190,1
DA:192,1
DA:194,1
DA:196,1
DA:199,1
DA:200,1
DA:201,1
DA:204,1
DA:205,1
DA:206,1
DA:208,1
DA:215,1
DA:217,1
DA:219,1
DA:221,1
DA:224,1
DA:225,1
DA:226,1
DA:229,1
DA:230,1
DA:231,1
DA:233,1
DA:240,1
DA:242,1
DA:244,1
DA:246,1
DA:250,1
DA:253,1
DA:254,1
DA:255,1
DA:258,1
DA:259,1
DA:260,1
DA:262,1
DA:268,1
DA:271,1
DA:272,1
DA:273,1
DA:276,1
DA:277,1
DA:278,1
DA:280,1
DA:286,1
DA:289,1
DA:290,1
DA:291,1
DA:294,1
DA:295,1
DA:296,1
DA:299,1
DA:300,1
DA:301,1
DA:304,1
DA:305,1
DA:306,1
DA:309,1
DA:317,1
DA:320,1
DA:321,1
DA:322,1
DA:325,1
DA:327,1
DA:329,1
DA:331,1
DA:335,1
DA:338,1
DA:339,1
DA:340,1
DA:343,1
DA:345,1
DA:347,1
DA:349,1
DA:353,1
DA:356,1
DA:357,1
DA:358,1
DA:361,1
DA:363,1
DA:365,1
DA:367,1
DA:371,1
DA:374,1
DA:375,1
DA:376,1
DA:379,1
DA:381,1
DA:383,1
DA:385,1
DA:389,1
DA:392,1
DA:393,1
DA:394,1
DA:397,1
DA:399,1
DA:401,1
DA:403,1
DA:407,1
DA:410,1
DA:411,1
DA:412,1
DA:415,1
DA:417,1
DA:419,1
DA:421,1
DA:425,1
DA:428,1
DA:429,1
DA:430,1
DA:433,1
DA:435,1
DA:437,1
DA:439,1
DA:443,1
DA:446,1
DA:447,1
DA:448,1
DA:451,1
DA:453,1
DA:455,1
DA:457,1
DA:461,1
DA:464,1
DA:465,1
DA:466,1
DA:469,1
DA:471,1
DA:473,1
DA:475,1
DA:479,1
DA:482,1
DA:483,1
DA:484,1
DA:487,1
DA:489,1
DA:491,1
DA:493,1
DA:497,1
DA:500,1
DA:501,1
DA:502,1
DA:505,1
DA:507,1
DA:509,1
DA:511,1
DA:515,1
DA:518,1
DA:519,1
DA:520,1
DA:523,1
DA:525,1
DA:527,1
DA:529,1
DA:532,1
DA:534,1
DA:535,1
DA:536,1
DA:539,1
DA:541,1
DA:543,1
DA:545,1
DA:548,1
DA:550,1
DA:551,1
DA:552,1
DA:555,1
DA:557,1
DA:559,1
DA:561,1
DA:565,1
DA:567,1
DA:568,1
DA:569,1
DA:572,1
DA:573,1
DA:574,1
DA:577,1
DA:578,1
DA:579,1
DA:581,1
DA:587,1
DA:589,1
DA:591,1
DA:593,1
DA:595,1
DA:599,1
DA:601,1
DA:603,1
DA:605,1
DA:607,1
DA:611,1
DA:613,1
LF:271
LH:271
BRDA:73,0,0,1
BRDA:73,0,1,1
BRF:2
BRH:2
end_of_record
TN:
SF:/home/genaro/Desktop/340CT/bedenkog-local-news-ui/modules/articles-mediator.js
FN:7,(anonymous_0)
FN:7,(anonymous_1)
FN:20,(anonymous_2)
FN:26,(anonymous_3)
FN:26,(anonymous_4)
FN:31,(anonymous_5)
FN:37,(anonymous_6)
FN:37,(anonymous_7)
FN:39,(anonymous_8)
FN:45,(anonymous_9)
FN:45,(anonymous_10)
FN:54,(anonymous_11)
FN:60,(anonymous_12)
FN:60,(anonymous_13)
FN:62,(anonymous_14)
FNF:15
FNH:15
FNDA:2,(anonymous_0)
FNDA:2,(anonymous_1)
FNDA:2,(anonymous_2)
FNDA:2,(anonymous_3)
FNDA:2,(anonymous_4)
FNDA:2,(anonymous_5)
FNDA:1,(anonymous_6)
FNDA:1,(anonymous_7)
FNDA:1,(anonymous_8)
FNDA:2,(anonymous_9)
FNDA:2,(anonymous_10)
FNDA:2,(anonymous_11)
FNDA:1,(anonymous_12)
FNDA:1,(anonymous_13)
FNDA:1,(anonymous_14)
DA:3,2
DA:5,2
DA:7,2
DA:9,2
DA:10,1
DA:14,2
DA:15,2
DA:16,2
DA:17,2
DA:20,2
DA:22,2
DA:26,2
DA:29,2
DA:31,2
DA:33,2
DA:37,2
DA:39,1
DA:41,1
DA:45,2
DA:47,2
DA:48,1
DA:52,2
DA:54,2
DA:56,2
DA:60,2
DA:62,1
DA:64,1
LF:27
LH:27
BRDA:9,0,0,1
BRDA:9,0,1,1
BRDA:29,1,0,1
BRDA:29,1,1,1
BRDA:47,2,0,1
BRDA:47,2,1,1
BRF:6
BRH:6
end_of_record
TN:
SF:/home/genaro/Desktop/340CT/bedenkog-local-news-ui/modules/comments-mediator.js
FN:7,(anonymous_0)
FN:7,(anonymous_1)
FN:14,(anonymous_2)
FN:20,(anonymous_3)
FN:20,(anonymous_4)
FN:22,(anonymous_5)
FN:28,(anonymous_6)
FN:28,(anonymous_7)
FN:30,(anonymous_8)
FN:36,(anonymous_9)
FN:36,(anonymous_10)
FN:45,(anonymous_11)
FN:51,(anonymous_12)
FN:51,(anonymous_13)
FN:53,(anonymous_14)
FNF:15
FNH:15
FNDA:2,(anonymous_0)
FNDA:2,(anonymous_1)
FNDA:2,(anonymous_2)
FNDA:1,(anonymous_3)
FNDA:1,(anonymous_4)
FNDA:1,(anonymous_5)
FNDA:1,(anonymous_6)
FNDA:1,(anonymous_7)
FNDA:1,(anonymous_8)
FNDA:2,(anonymous_9)
FNDA:2,(anonymous_10)
FNDA:2,(anonymous_11)
FNDA:1,(anonymous_12)
FNDA:1,(anonymous_13)
FNDA:1,(anonymous_14)
DA:3,2
DA:5,2
DA:7,2
DA:9,2
DA:10,1
DA:14,2
DA:16,2
DA:20,2
DA:22,1
DA:24,1
DA:28,2
DA:30,1
DA:32,1
DA:36,2
DA:38,2
DA:39,1
DA:43,2
DA:45,2
DA:47,2
DA:51,2
DA:53,1
DA:55,1
LF:22
LH:22
BRDA:9,0,0,1
BRDA:9,0,1,1
BRDA:38,1,0,1
BRDA:38,1,1,1
BRF:4
BRH:4
end_of_record
TN:
SF:/home/genaro/Desktop/340CT/bedenkog-local-news-ui/modules/events-mediator.js
FN:7,(anonymous_0)
FN:7,(anonymous_1)
FN:20,(anonymous_2)
FN:26,(anonymous_3)
FN:26,(anonymous_4)
FN:31,(anonymous_5)
FN:37,(anonymous_6)
FN:37,(anonymous_7)
FN:39,(anonymous_8)
FN:45,(anonymous_9)
FN:45,(anonymous_10)
FN:54,(anonymous_11)
FN:60,(anonymous_12)
FN:60,(anonymous_13)
FN:62,(anonymous_14)
FNF:15
FNH:15
FNDA:2,(anonymous_0)
FNDA:2,(anonymous_1)
FNDA:2,(anonymous_2)
FNDA:2,(anonymous_3)
FNDA:2,(anonymous_4)
FNDA:2,(anonymous_5)
FNDA:1,(anonymous_6)
FNDA:1,(anonymous_7)
FNDA:1,(anonymous_8)
FNDA:2,(anonymous_9)
FNDA:2,(anonymous_10)
FNDA:2,(anonymous_11)
FNDA:1,(anonymous_12)
FNDA:1,(anonymous_13)
FNDA:1,(anonymous_14)
DA:3,2
DA:5,2
DA:7,2
DA:9,2
DA:10,1
DA:14,2
DA:15,2
DA:16,2
DA:17,2
DA:20,2
DA:22,2
DA:26,2
DA:29,2
DA:31,2
DA:33,2
DA:37,2
DA:39,1
DA:41,1
DA:45,2
DA:47,2
DA:48,1
DA:52,2
DA:54,2
DA:56,2
DA:60,2
DA:62,1
DA:64,1
LF:27
LH:27
BRDA:9,0,0,1
BRDA:9,0,1,1
BRDA:29,1,0,1
BRDA:29,1,1,1
BRDA:47,2,0,1
BRDA:47,2,1,1
BRF:6
BRH:6
end_of_record
TN:
SF:/home/genaro/Desktop/340CT/bedenkog-local-news-ui/modules/users-mediator.js
FN:8,(anonymous_0)
FN:8,(anonymous_1)
FN:14,(anonymous_2)
FN:55,(anonymous_3)
FN:55,(anonymous_4)
FN:57,(anonymous_5)
FN:63,(anonymous_6)
FN:63,(anonymous_7)
FN:72,(anonymous_8)
FN:78,(anonymous_9)
FN:78,(anonymous_10)
FN:80,(anonymous_11)
FNF:12
FNH:12
FNDA:2,(anonymous_0)
FNDA:2,(anonymous_1)
FNDA:2,(anonymous_2)
FNDA:1,(anonymous_3)
FNDA:1,(anonymous_4)
FNDA:1,(anonymous_5)
FNDA:2,(anonymous_6)
FNDA:2,(anonymous_7)
FNDA:2,(anonymous_8)
FNDA:1,(anonymous_9)
FNDA:1,(anonymous_10)
FNDA:1,(anonymous_11)
DA:4,2
DA:6,2
DA:8,2
DA:10,2
DA:11,1
DA:14,2
DA:16,2
DA:55,2
DA:57,1
DA:59,1
DA:63,2
DA:65,2
DA:66,1
DA:70,2
DA:72,2
DA:74,2
DA:78,2
DA:80,1
DA:82,1
LF:19
LH:19
BRDA:10,0,0,1
BRDA:10,0,1,1
BRDA:65,1,0,1
BRDA:65,1,1,1
BRF:4
BRH:4
end_of_record
